#
# A fatal error has been detected by the Java Runtime Environment:
#
#  SIGSEGV (0xb) at pc=0x00007feb553a0b44, pid=8208, tid=8220
#
# JRE version: OpenJDK Runtime Environment (11.0.19+7) (build 11.0.19+7-post-Ubuntu-0ubuntu122.04.1)
# Java VM: OpenJDK 64-Bit Server VM (11.0.19+7-post-Ubuntu-0ubuntu122.04.1, mixed mode, sharing, tiered, compressed oops, g1 gc, linux-amd64)
# Problematic frame:
# V  [libjvm.so+0xba0b44]  ModuleEntryTable::purge_all_module_reads()+0x4
#
# Core dump will be written. Default location: Core dumps may be processed with "/usr/share/apport/apport -p%p -s%s -c%c -d%d -P%P -u%u -g%g -- %E" (or dumping to /home/sunbeam/project/workspace/Project/ProjectF11/core.8208)
#
# If you would like to submit a bug report, please visit:
#   https://bugs.launchpad.net/ubuntu/+source/openjdk-lts
#

---------------  S U M M A R Y ------------

Command Line: -Dcom.sun.management.jmxremote -Dcom.sun.management.jmxremote.port=39885 -Dcom.sun.management.jmxremote.authenticate=false -Dcom.sun.management.jmxremote.ssl=false -Djava.rmi.server.hostname=localhost -Dspring.jmx.enabled=true -Dspring.liveBeansView.mbeanDomain -Dspring.application.admin.enabled=true -Djava.security.egd=file:/dev/./urandom -XX:TieredStopAtLevel=1 -Dspring.boot.project.name=spring_refer1 -Dfile.encoding=UTF-8 com.app.Application --spring.output.ansi.enabled=always

Host: Intel(R) Core(TM) i5-5200U CPU @ 2.20GHz, 4 cores, 7G, Ubuntu 22.04 LTS
Time: Tue Aug 29 11:52:11 2023 IST elapsed time: 8811.134780 seconds (0d 2h 26m 51s)

---------------  T H R E A D  ---------------

Current thread (0x00007feb5010f000):  VMThread "VM Thread" [stack: 0x00007feb2c9c4000,0x00007feb2cac4000] [id=8220]

Stack: [0x00007feb2c9c4000,0x00007feb2cac4000],  sp=0x00007feb2cac1e28,  free space=1015k
Native frames: (J=compiled Java code, A=aot compiled Java code, j=interpreted, Vv=VM code, C=native code)
V  [libjvm.so+0xba0b44]  ModuleEntryTable::purge_all_module_reads()+0x4
V  [libjvm.so+0xe00f13]  SystemDictionary::do_unloading(GCTimer*, bool)+0x183
V  [libjvm.so+0x7758b5]  G1FullCollector::phase1_mark_live_objects()+0x575
V  [libjvm.so+0x777036]  G1FullCollector::collect()+0x16
V  [libjvm.so+0x74d9ee]  G1CollectedHeap::do_full_collection(bool, bool) [clone .part.0]+0xee
V  [libjvm.so+0xeb5a29]  VM_G1CollectFull::doit()+0x49
V  [libjvm.so+0xead7b3]  VM_Operation::evaluate()+0xe3
V  [libjvm.so+0xeb373c]  VMThread::evaluate_operation(VM_Operation*) [clone .constprop.0]+0xbc
V  [libjvm.so+0xeb3d5f]  VMThread::loop()+0x53f
V  [libjvm.so+0xeb40c6]  VMThread::run()+0x76
V  [libjvm.so+0xe3bf00]  Thread::call_run()+0x140
V  [libjvm.so+0xbf836e]  thread_native_entry(Thread*)+0xee


siginfo: si_signo: 11 (SIGSEGV), si_code: 1 (SEGV_MAPERR), si_addr: 0x0000000000100000

Register to memory mapping:

RAX=0x0000000000100000 is an unknown value
RBX=0x00007fead0332480 points into unknown readable memory: 0x00007fead0225d10 | 10 5d 22 d0 ea 7f 00 00
RCX=0x00007fead0455900 points into unknown readable memory: 0x00007fea00000001 | 01 00 00 00 ea 7f 00 00
RDX=0x00007fead04552b0 points into unknown readable memory: 0x00007fead04310f8 | f8 10 43 d0 ea 7f 00 00
RSP=0x00007feb2cac1e28 points into unknown readable memory: 0x00007feb54dcc008 | 08 c0 dc 54 eb 7f 00 00
RBP=0x00007feb2cac1eb0 points into unknown readable memory: 0x00007feb2cac2030 | 30 20 ac 2c eb 7f 00 00
RSI=0x0000000000000adf is an unknown value
RDI=0x0000000000100000 is an unknown value
R8 =0x0 is NULL
R9 =0x00007feb50572730 points into unknown readable memory: 0x0000000000000000 | 00 00 00 00 00 00 00 00
R10=0x0 is NULL
R11=0x0 is NULL
R12=0x0000000000000001 is an unknown value
R13=0x0000000000100000 is an unknown value
R14=0x0 is NULL
R15=0x00000000000007ec is an unknown value


Registers:
RAX=0x0000000000100000, RBX=0x00007fead0332480, RCX=0x00007fead0455900, RDX=0x00007fead04552b0
RSP=0x00007feb2cac1e28, RBP=0x00007feb2cac1eb0, RSI=0x0000000000000adf, RDI=0x0000000000100000
R8 =0x0000000000000000, R9 =0x00007feb50572730, R10=0x0000000000000000, R11=0x0000000000000000
R12=0x0000000000000001, R13=0x0000000000100000, R14=0x0000000000000000, R15=0x00000000000007ec
RIP=0x00007feb553a0b44, EFLAGS=0x0000000000010206, CSGSFS=0x002b000000000033, ERR=0x0000000000000004
  TRAPNO=0x000000000000000e

Top of Stack: (sp=0x00007feb2cac1e28)
0x00007feb2cac1e28:   00007feb54dcc008 00007fff1558984a
0x00007feb2cac1e38:   00007feb2cac25d0 00007feb557af172
0x00007feb2cac1e48:   00007feb2cac1e77 000008037f026cd7
0x00007feb2cac1e58:   000000e194366407 00007feb2cac1e90 

Instructions: (pc=0x00007feb553a0b44)
0x00007feb553a0a44:   45 4a 01 74 ac 66 48 8d 3d 77 d5 69 00 66 66 48
0x00007feb553a0a54:   e8 e7 1a 6e ff 49 8b 7d 10 4c 89 e6 48 8b 00 48
0x00007feb553a0a64:   8b 88 78 02 00 00 48 8b 41 20 f3 0f 6f 51 10 48
0x00007feb553a0a74:   89 45 b8 48 8b 41 28 0f 29 55 a0 48 89 45 98 66
0x00007feb553a0a84:   0f d6 55 c0 48 85 ff 74 10 48 89 4d b0 e8 9a 67
0x00007feb553a0a94:   25 00 48 8b 4d b0 48 89 c6 31 c0 48 89 df 48 89
0x00007feb553a0aa4:   4d b0 e8 e5 ae cb ff 48 8b 45 c0 48 8b 4d b0 48
0x00007feb553a0ab4:   83 38 00 74 19 48 8b 75 98 48 89 cf e8 1b 3f 87
0x00007feb553a0ac4:   ff 48 8b 7d c0 e8 42 31 87 ff 48 8b 4d b0 66 0f
0x00007feb553a0ad4:   6f 5d a0 48 8b 45 b8 41 83 ee 01 49 83 ef 08 48
0x00007feb553a0ae4:   89 41 20 0f 11 59 10 41 83 fe ff 0f 85 12 ff ff
0x00007feb553a0af4:   ff 48 83 c4 48 5b 41 5c 41 5d 41 5e 41 5f 5d c3
0x00007feb553a0b04:   66 66 2e 0f 1f 84 00 00 00 00 00 90 f3 0f 1e fa
0x00007feb553a0b14:   80 7f 4a 00 74 16 48 8b 47 30 48 85 c0 74 0d 8b
0x00007feb553a0b24:   00 85 c0 74 07 e9 e2 fd ff ff 66 90 c3 90 66 66
0x00007feb553a0b34:   2e 0f 1f 84 00 00 00 00 00 0f 1f 00 f3 0f 1e fa
0x00007feb553a0b44:   8b 17 85 d2 7e 65 55 48 89 e5 41 55 49 89 fd 41
0x00007feb553a0b54:   54 45 31 e4 53 48 83 ec 08 0f 1f 00 49 8b 45 08
0x00007feb553a0b64:   4a 8d 04 e0 48 8b 18 48 85 db 74 2a 80 7b 4a 00
0x00007feb553a0b74:   74 1a 48 8b 43 30 48 85 c0 74 11 8b 00 85 c0 74
0x00007feb553a0b84:   0b 48 89 df e8 83 fd ff ff 0f 1f 00 48 8b 5b 08
0x00007feb553a0b94:   48 83 e3 fe 75 d6 49 83 c4 01 45 39 65 00 7f bc
0x00007feb553a0ba4:   48 83 c4 08 5b 41 5c 41 5d 5d c3 c3 f3 0f 1e fa
0x00007feb553a0bb4:   55 48 89 e5 41 57 41 89 cf 41 56 49 89 d6 4c 89
0x00007feb553a0bc4:   c2 41 55 4d 89 cd 41 54 4d 89 c4 53 48 83 ec 28
0x00007feb553a0bd4:   e8 d7 7b c6 ff 66 0f ef c0 c6 40 4c 00 48 89 c3
0x00007feb553a0be4:   c7 40 48 00 00 00 00 0f 11 40 18 0f 11 40 28 0f
0x00007feb553a0bf4:   11 40 38 4d 85 e4 0f 84 30 01 00 00 4c 89 e7 e8
0x00007feb553a0c04:   98 76 25 00 4d 85 f6 74 10 48 8b 7d 18 4c 89 f6
0x00007feb553a0c14:   e8 c7 85 a2 ff 48 89 43 18 48 8b 45 18 48 8b 7b
0x00007feb553a0c24:   38 48 89 43 28 48 85 ff 74 05 e8 8d 76 25 00 4c
0x00007feb553a0c34:   89 6b 38 4d 85 ed 74 08 4c 89 ef e8 5c 76 25 00 


Stack slot to memory mapping:
stack at sp + 0 slots: 0x00007feb54dcc008: <offset 0x00000000005cc008> in /usr/lib/jvm/java-11-openjdk-amd64/lib/server/libjvm.so at 0x00007feb54800000
stack at sp + 1 slots: 0x00007fff1558984a: <offset 0x000000000000084a> in linux-vdso.so.1 at 0x00007fff15589000
stack at sp + 2 slots: 0x00007feb2cac25d0 points into unknown readable memory: 0x00007feb559876d0 | d0 76 98 55 eb 7f 00 00
stack at sp + 3 slots: 0x00007feb557af172: <offset 0x0000000000faf172> in /usr/lib/jvm/java-11-openjdk-amd64/lib/server/libjvm.so at 0x00007feb54800000
stack at sp + 4 slots: 0x00007feb2cac1e77 points into unknown readable memory: 00
stack at sp + 5 slots: 0x000008037f026cd7 is an unknown value
stack at sp + 6 slots: 0x000000e194366407 is an unknown value
stack at sp + 7 slots: 0x00007feb2cac1e90 points into unknown readable memory: 0x00007feb2cac2640 | 40 26 ac 2c eb 7f 00 00

VM_Operation (0x00007feb0c8f4690): G1CollectFull, mode: safepoint, requested by thread 0x00007feac82da800


---------------  P R O C E S S  ---------------

Threads class SMR info:
_java_thread_list=0x00007fead12d4fc0, length=16, elements={
0x00007feb50112000, 0x00007feb50114000, 0x00007feb50119800, 0x00007feb5011b800,
0x00007feb5011d800, 0x00007feb5011f800, 0x00007feb50155800, 0x00007feb50550800,
0x00007feb50557000, 0x00007feb5056e000, 0x00007fead0807800, 0x00007fead13ea800,
0x00007feb50017800, 0x00007feaec015000, 0x00007feac82da800, 0x00007feabc00d000
}

Java Threads: ( => current thread )
  0x00007feb50112000 JavaThread "Reference Handler" daemon [_thread_blocked, id=8221, stack(0x00007feb2c8c2000,0x00007feb2c9c2000)]
  0x00007feb50114000 JavaThread "Finalizer" daemon [_thread_blocked, id=8222, stack(0x00007feb2c7c2000,0x00007feb2c8c2000)]
  0x00007feb50119800 JavaThread "Signal Dispatcher" daemon [_thread_blocked, id=8223, stack(0x00007feb2c6c2000,0x00007feb2c7c2000)]
  0x00007feb5011b800 JavaThread "Service Thread" daemon [_thread_blocked, id=8224, stack(0x00007feb2c5c2000,0x00007feb2c6c2000)]
  0x00007feb5011d800 JavaThread "C1 CompilerThread0" daemon [_thread_blocked, id=8225, stack(0x00007feb2c4c2000,0x00007feb2c5c2000)]
  0x00007feb5011f800 JavaThread "Sweeper thread" daemon [_thread_blocked, id=8226, stack(0x00007feb2c3c2000,0x00007feb2c4c2000)]
  0x00007feb50155800 JavaThread "Common-Cleaner" daemon [_thread_blocked, id=8227, stack(0x00007feb2c2c2000,0x00007feb2c3c2000)]
  0x00007feb50550800 JavaThread "RMI TCP Accept-0" daemon [_thread_in_native, id=8228, stack(0x00007feb2c191000,0x00007feb2c291000)]
  0x00007feb50557000 JavaThread "RMI TCP Accept-39885" daemon [_thread_in_native, id=8229, stack(0x00007feb2c091000,0x00007feb2c191000)]
  0x00007feb5056e000 JavaThread "RMI TCP Accept-0" daemon [_thread_in_native, id=8230, stack(0x00007feb0f100000,0x00007feb0f200000)]
  0x00007fead0807800 JavaThread "mysql-cj-abandoned-connection-cleanup" daemon [_thread_blocked, id=8245, stack(0x00007feb0d1f6000,0x00007feb0d2f6000)]
  0x00007fead13ea800 JavaThread "Live Reload Server" daemon [_thread_in_native, id=8299, stack(0x00007feab6f00000,0x00007feab7000000)]
  0x00007feb50017800 JavaThread "DestroyJavaVM" [_thread_blocked, id=8214, stack(0x00007feb54700000,0x00007feb54800000)]
  0x00007feaec015000 JavaThread "ForkJoinPool.commonPool-worker-5" daemon [_thread_blocked, id=8317, stack(0x00007feb0ebf8000,0x00007feb0ecf8000)]
  0x00007feac82da800 JavaThread "Thread-11" [_thread_blocked, id=17667, stack(0x00007feb0c7f6000,0x00007feb0c8f6000)]
  0x00007feabc00d000 JavaThread "HikariPool-3 connection closer" daemon [_thread_blocked, id=17668, stack(0x00007feb0ddf6000,0x00007feb0def6000)]

Other Threads:
=>0x00007feb5010f000 VMThread "VM Thread" [stack: 0x00007feb2c9c4000,0x00007feb2cac4000] [id=8220]
  0x00007feb50571000 WatcherThread [stack: 0x00007feb0f000000,0x00007feb0f100000] [id=8231]
  0x00007feb50030800 GCTaskThread "GC Thread#0" [stack: 0x00007feb5412d000,0x00007feb5422d000] [id=8215]
  0x00007feb1c001000 GCTaskThread "GC Thread#1" [stack: 0x00007feb0eefe000,0x00007feb0effe000] [id=8232]
  0x00007feb1c002800 GCTaskThread "GC Thread#2" [stack: 0x00007feb0edfc000,0x00007feb0eefc000] [id=8233]
  0x00007feb1c005000 GCTaskThread "GC Thread#3" [stack: 0x00007feb0e7f8000,0x00007feb0e8f8000] [id=8237]
  0x00007feb50061800 ConcurrentGCThread "G1 Main Marker" [stack: 0x00007feb2f9d0000,0x00007feb2fad0000] [id=8216]
  0x00007feb50063800 ConcurrentGCThread "G1 Conc#0" [stack: 0x00007feb2f8ce000,0x00007feb2f9ce000] [id=8217]
  0x00007feb500dc000 ConcurrentGCThread "G1 Refine#0" [stack: 0x00007feb2d3c8000,0x00007feb2d4c8000] [id=8218]
  0x00007feb24001000 ConcurrentGCThread "G1 Refine#1" [stack: 0x00007feb0ecfa000,0x00007feb0edfa000] [id=8234]
  0x00007feb500dd800 ConcurrentGCThread "G1 Young RemSet Sampling" [stack: 0x00007feb2d2c6000,0x00007feb2d3c6000] [id=8219]

Threads with active compile tasks:

VM state:at safepoint (normal execution)

VM Mutex/Monitor currently owned by a thread:  ([mutex/lock_event])
[0x00007feb50015b50] Threads_lock - owner thread: 0x00007feb5010f000
[0x00007feb50016330] Heap_lock - owner thread: 0x00007feac82da800

Heap address: 0x0000000085000000, size: 1968 MB, Compressed Oops mode: 32-bit
Narrow klass base: 0x0000000800000000, Narrow klass shift: 3
Compressed class space size: 1073741824 Address: 0x0000000840000000

Heap:
 garbage-first heap   total 102400K, used 80042K [0x0000000085000000, 0x0000000100000000)
  region size 1024K, 43 young (44032K), 3 survivors (3072K)
 Metaspace       used 72477K, capacity 75449K, committed 75728K, reserved 1114112K
  class space    used 9787K, capacity 10937K, committed 10964K, reserved 1048576K
Heap Regions: E=young(eden), S=young(survivor), O=old, HS=humongous(starts), HC=humongous(continues), CS=collection set, F=free, A=archive, TAMS=top-at-mark-start (previous, next)
|   0|0x0000000085000000, 0x0000000085100000, 0x0000000085100000|100%|HS|  |TAMS 0x0000000085000000, 0x0000000085000000| Untracked 
|   1|0x0000000085100000, 0x00000000851ffff8, 0x0000000085200000| 99%| O|  |TAMS 0x0000000085100000, 0x0000000085100000| Untracked 
|   2|0x0000000085200000, 0x00000000852fe5c8, 0x0000000085300000| 99%| O|  |TAMS 0x0000000085200000, 0x0000000085200000| Untracked 
|   3|0x0000000085300000, 0x00000000853fdf18, 0x0000000085400000| 99%| O|  |TAMS 0x0000000085300000, 0x0000000085300000| Untracked 
|   4|0x0000000085400000, 0x00000000854f9f78, 0x0000000085500000| 97%| O|  |TAMS 0x0000000085400000, 0x0000000085400000| Untracked 
|   5|0x0000000085500000, 0x00000000855fffd8, 0x0000000085600000| 99%| O|  |TAMS 0x0000000085500000, 0x0000000085500000| Untracked 
|   6|0x0000000085600000, 0x00000000856fffa0, 0x0000000085700000| 99%| O|  |TAMS 0x0000000085600000, 0x0000000085600000| Untracked 
|   7|0x0000000085700000, 0x00000000857fffc8, 0x0000000085800000| 99%| O|  |TAMS 0x0000000085700000, 0x0000000085700000| Untracked 
|   8|0x0000000085800000, 0x00000000858fffc0, 0x0000000085900000| 99%| O|  |TAMS 0x0000000085800000, 0x0000000085800000| Untracked 
|   9|0x0000000085900000, 0x00000000859ffdf8, 0x0000000085a00000| 99%| O|  |TAMS 0x0000000085900000, 0x0000000085900000| Untracked 
|  10|0x0000000085a00000, 0x0000000085afffd8, 0x0000000085b00000| 99%| O|  |TAMS 0x0000000085a00000, 0x0000000085a00000| Untracked 
|  11|0x0000000085b00000, 0x0000000085bffe90, 0x0000000085c00000| 99%| O|  |TAMS 0x0000000085b00000, 0x0000000085b00000| Untracked 
|  12|0x0000000085c00000, 0x0000000085cfe8a0, 0x0000000085d00000| 99%| O|  |TAMS 0x0000000085c00000, 0x0000000085c00000| Untracked 
|  13|0x0000000085d00000, 0x0000000085dffc78, 0x0000000085e00000| 99%| O|  |TAMS 0x0000000085d00000, 0x0000000085d00000| Untracked 
|  14|0x0000000085e00000, 0x0000000085efffd8, 0x0000000085f00000| 99%| O|  |TAMS 0x0000000085e00000, 0x0000000085e00000| Untracked 
|  15|0x0000000085f00000, 0x0000000085ffffe8, 0x0000000086000000| 99%| O|  |TAMS 0x0000000085f00000, 0x0000000085f00000| Untracked 
|  16|0x0000000086000000, 0x00000000860ffff8, 0x0000000086100000| 99%| O|  |TAMS 0x0000000086000000, 0x0000000086000000| Untracked 
|  17|0x0000000086100000, 0x00000000861fffc0, 0x0000000086200000| 99%| O|  |TAMS 0x0000000086100000, 0x0000000086100000| Untracked 
|  18|0x0000000086200000, 0x00000000862ffff0, 0x0000000086300000| 99%| O|  |TAMS 0x0000000086200000, 0x0000000086200000| Untracked 
|  19|0x0000000086300000, 0x00000000863ffff8, 0x0000000086400000| 99%| O|  |TAMS 0x0000000086300000, 0x0000000086300000| Untracked 
|  20|0x0000000086400000, 0x00000000864fffd8, 0x0000000086500000| 99%| O|  |TAMS 0x0000000086400000, 0x0000000086400000| Untracked 
|  21|0x0000000086500000, 0x00000000865ffff8, 0x0000000086600000| 99%| O|  |TAMS 0x0000000086500000, 0x0000000086500000| Untracked 
|  22|0x0000000086600000, 0x00000000866fffd0, 0x0000000086700000| 99%| O|  |TAMS 0x0000000086600000, 0x0000000086600000| Untracked 
|  23|0x0000000086700000, 0x00000000867ffff8, 0x0000000086800000| 99%| O|  |TAMS 0x0000000086700000, 0x0000000086700000| Untracked 
|  24|0x0000000086800000, 0x00000000868c1d68, 0x0000000086900000| 75%| O|  |TAMS 0x0000000086800000, 0x0000000086800000| Untracked 
|  25|0x0000000086900000, 0x0000000086a00000, 0x0000000086a00000|100%| O|  |TAMS 0x0000000086900000, 0x0000000086900000| Untracked 
|  26|0x0000000086a00000, 0x0000000086aa55d0, 0x0000000086b00000| 64%| O|  |TAMS 0x0000000086a00000, 0x0000000086a00000| Untracked 
|  27|0x0000000086b00000, 0x0000000086c00000, 0x0000000086c00000|100%| O|  |TAMS 0x0000000086b00000, 0x0000000086b00000| Untracked 
|  28|0x0000000086c00000, 0x0000000086d00000, 0x0000000086d00000|100%| O|  |TAMS 0x0000000086c00000, 0x0000000086c00000| Untracked 
|  29|0x0000000086d00000, 0x0000000086d92ff8, 0x0000000086e00000| 57%| O|  |TAMS 0x0000000086d00000, 0x0000000086d00000| Untracked 
|  30|0x0000000086e00000, 0x0000000086ee1c00, 0x0000000086f00000| 88%| O|  |TAMS 0x0000000086e00000, 0x0000000086e00000| Untracked 
|  31|0x0000000086f00000, 0x0000000087000000, 0x0000000087000000|100%| O|  |TAMS 0x0000000086f00000, 0x0000000086f00000| Untracked 
|  32|0x0000000087000000, 0x0000000087100000, 0x0000000087100000|100%| O|  |TAMS 0x0000000087000000, 0x0000000087000000| Untracked 
|  33|0x0000000087100000, 0x0000000087200000, 0x0000000087200000|100%| O|  |TAMS 0x0000000087100000, 0x0000000087100000| Untracked 
|  34|0x0000000087200000, 0x0000000087300000, 0x0000000087300000|100%| O|  |TAMS 0x0000000087200000, 0x0000000087200000| Untracked 
|  35|0x0000000087300000, 0x0000000087400000, 0x0000000087400000|100%| O|  |TAMS 0x0000000087300000, 0x0000000087300000| Untracked 
|  36|0x0000000087400000, 0x0000000087500000, 0x0000000087500000|100%| O|  |TAMS 0x0000000087400000, 0x0000000087400000| Untracked 
|  37|0x0000000087500000, 0x0000000087500000, 0x0000000087600000|  0%| F|  |TAMS 0x0000000087500000, 0x0000000087500000| Untracked 
|  38|0x0000000087600000, 0x0000000087600000, 0x0000000087700000|  0%| F|  |TAMS 0x0000000087600000, 0x0000000087600000| Untracked 
|  39|0x0000000087700000, 0x0000000087700000, 0x0000000087800000|  0%| F|  |TAMS 0x0000000087700000, 0x0000000087700000| Untracked 
|  40|0x0000000087800000, 0x0000000087800000, 0x0000000087900000|  0%| F|  |TAMS 0x0000000087800000, 0x0000000087800000| Untracked 
|  41|0x0000000087900000, 0x0000000087900000, 0x0000000087a00000|  0%| F|  |TAMS 0x0000000087900000, 0x0000000087900000| Untracked 
|  42|0x0000000087a00000, 0x0000000087a00000, 0x0000000087b00000|  0%| F|  |TAMS 0x0000000087a00000, 0x0000000087a00000| Untracked 
|  43|0x0000000087b00000, 0x0000000087b00000, 0x0000000087c00000|  0%| F|  |TAMS 0x0000000087b00000, 0x0000000087b00000| Untracked 
|  44|0x0000000087c00000, 0x0000000087c00000, 0x0000000087d00000|  0%| F|  |TAMS 0x0000000087c00000, 0x0000000087c00000| Untracked 
|  45|0x0000000087d00000, 0x0000000087d00000, 0x0000000087e00000|  0%| F|  |TAMS 0x0000000087d00000, 0x0000000087d00000| Untracked 
|  46|0x0000000087e00000, 0x0000000087e00000, 0x0000000087f00000|  0%| F|  |TAMS 0x0000000087e00000, 0x0000000087e00000| Untracked 
|  47|0x0000000087f00000, 0x0000000087f00000, 0x0000000088000000|  0%| F|  |TAMS 0x0000000087f00000, 0x0000000087f00000| Untracked 
|  48|0x0000000088000000, 0x0000000088000000, 0x0000000088100000|  0%| F|  |TAMS 0x0000000088000000, 0x0000000088000000| Untracked 
|  49|0x0000000088100000, 0x0000000088100000, 0x0000000088200000|  0%| F|  |TAMS 0x0000000088100000, 0x0000000088100000| Untracked 
|  50|0x0000000088200000, 0x000000008822fa60, 0x0000000088300000| 18%| S|  |TAMS 0x0000000088200000, 0x0000000088200000| Complete 
|  51|0x0000000088300000, 0x0000000088300000, 0x0000000088400000|  0%| F|  |TAMS 0x0000000088300000, 0x0000000088300000| Untracked 
|  52|0x0000000088400000, 0x0000000088500000, 0x0000000088500000|100%| S|  |TAMS 0x0000000088400000, 0x0000000088400000| Complete 
|  53|0x0000000088500000, 0x0000000088600000, 0x0000000088600000|100%| S|  |TAMS 0x0000000088500000, 0x0000000088500000| Complete 
|  54|0x0000000088600000, 0x0000000088600000, 0x0000000088700000|  0%| F|  |TAMS 0x0000000088600000, 0x0000000088600000| Untracked 
|  55|0x0000000088700000, 0x0000000088700000, 0x0000000088800000|  0%| F|  |TAMS 0x0000000088700000, 0x0000000088700000| Untracked 
|  56|0x0000000088800000, 0x0000000088800000, 0x0000000088900000|  0%| F|  |TAMS 0x0000000088800000, 0x0000000088800000| Untracked 
|  57|0x0000000088900000, 0x0000000088900000, 0x0000000088a00000|  0%| F|  |TAMS 0x0000000088900000, 0x0000000088900000| Untracked 
|  58|0x0000000088a00000, 0x0000000088a78b18, 0x0000000088b00000| 47%| E|  |TAMS 0x0000000088a00000, 0x0000000088a00000| Complete 
|  59|0x0000000088b00000, 0x0000000088c00000, 0x0000000088c00000|100%| E|  |TAMS 0x0000000088b00000, 0x0000000088b00000| Complete 
|  60|0x0000000088c00000, 0x0000000088d00000, 0x0000000088d00000|100%| E|  |TAMS 0x0000000088c00000, 0x0000000088c00000| Complete 
|  61|0x0000000088d00000, 0x0000000088e00000, 0x0000000088e00000|100%| E|  |TAMS 0x0000000088d00000, 0x0000000088d00000| Complete 
|  62|0x0000000088e00000, 0x0000000088f00000, 0x0000000088f00000|100%| E|  |TAMS 0x0000000088e00000, 0x0000000088e00000| Complete 
|  63|0x0000000088f00000, 0x0000000089000000, 0x0000000089000000|100%| E|  |TAMS 0x0000000088f00000, 0x0000000088f00000| Complete 
|  64|0x0000000089000000, 0x0000000089100000, 0x0000000089100000|100%| E|  |TAMS 0x0000000089000000, 0x0000000089000000| Complete 
|  65|0x0000000089100000, 0x0000000089200000, 0x0000000089200000|100%| E|  |TAMS 0x0000000089100000, 0x0000000089100000| Complete 
|  66|0x0000000089200000, 0x0000000089300000, 0x0000000089300000|100%| E|  |TAMS 0x0000000089200000, 0x0000000089200000| Complete 
|  67|0x0000000089300000, 0x0000000089400000, 0x0000000089400000|100%| E|  |TAMS 0x0000000089300000, 0x0000000089300000| Complete 
|  68|0x0000000089400000, 0x0000000089500000, 0x0000000089500000|100%| E|  |TAMS 0x0000000089400000, 0x0000000089400000| Complete 
|  69|0x0000000089500000, 0x0000000089600000, 0x0000000089600000|100%| E|  |TAMS 0x0000000089500000, 0x0000000089500000| Complete 
|  70|0x0000000089600000, 0x0000000089700000, 0x0000000089700000|100%| E|  |TAMS 0x0000000089600000, 0x0000000089600000| Complete 
|  71|0x0000000089700000, 0x0000000089800000, 0x0000000089800000|100%| E|  |TAMS 0x0000000089700000, 0x0000000089700000| Complete 
|  72|0x0000000089800000, 0x0000000089900000, 0x0000000089900000|100%| E|  |TAMS 0x0000000089800000, 0x0000000089800000| Complete 
|  73|0x0000000089900000, 0x0000000089a00000, 0x0000000089a00000|100%| E|  |TAMS 0x0000000089900000, 0x0000000089900000| Complete 
|  74|0x0000000089a00000, 0x0000000089b00000, 0x0000000089b00000|100%| E|  |TAMS 0x0000000089a00000, 0x0000000089a00000| Complete 
|  75|0x0000000089b00000, 0x0000000089c00000, 0x0000000089c00000|100%| E|  |TAMS 0x0000000089b00000, 0x0000000089b00000| Complete 
|  76|0x0000000089c00000, 0x0000000089d00000, 0x0000000089d00000|100%| E|  |TAMS 0x0000000089c00000, 0x0000000089c00000| Complete 
|  77|0x0000000089d00000, 0x0000000089e00000, 0x0000000089e00000|100%| E|  |TAMS 0x0000000089d00000, 0x0000000089d00000| Complete 
|  78|0x0000000089e00000, 0x0000000089f00000, 0x0000000089f00000|100%| E|  |TAMS 0x0000000089e00000, 0x0000000089e00000| Complete 
|  79|0x0000000089f00000, 0x000000008a000000, 0x000000008a000000|100%| E|  |TAMS 0x0000000089f00000, 0x0000000089f00000| Complete 
|  80|0x000000008a000000, 0x000000008a100000, 0x000000008a100000|100%| E|  |TAMS 0x000000008a000000, 0x000000008a000000| Complete 
|  81|0x000000008a100000, 0x000000008a200000, 0x000000008a200000|100%| E|  |TAMS 0x000000008a100000, 0x000000008a100000| Complete 
|  82|0x000000008a200000, 0x000000008a300000, 0x000000008a300000|100%| E|  |TAMS 0x000000008a200000, 0x000000008a200000| Complete 
|  83|0x000000008a300000, 0x000000008a400000, 0x000000008a400000|100%| E|  |TAMS 0x000000008a300000, 0x000000008a300000| Complete 
|  84|0x000000008a400000, 0x000000008a500000, 0x000000008a500000|100%| E|  |TAMS 0x000000008a400000, 0x000000008a400000| Complete 
|  85|0x000000008a500000, 0x000000008a600000, 0x000000008a600000|100%| E|  |TAMS 0x000000008a500000, 0x000000008a500000| Complete 
|  86|0x000000008a600000, 0x000000008a700000, 0x000000008a700000|100%| E|  |TAMS 0x000000008a600000, 0x000000008a600000| Complete 
|  87|0x000000008a700000, 0x000000008a800000, 0x000000008a800000|100%| E|  |TAMS 0x000000008a700000, 0x000000008a700000| Complete 
|  88|0x000000008a800000, 0x000000008a900000, 0x000000008a900000|100%| E|  |TAMS 0x000000008a800000, 0x000000008a800000| Complete 
|  89|0x000000008a900000, 0x000000008aa00000, 0x000000008aa00000|100%| E|  |TAMS 0x000000008a900000, 0x000000008a900000| Complete 
|  90|0x000000008aa00000, 0x000000008ab00000, 0x000000008ab00000|100%| E|  |TAMS 0x000000008aa00000, 0x000000008aa00000| Complete 
|  91|0x000000008ab00000, 0x000000008ac00000, 0x000000008ac00000|100%| E|  |TAMS 0x000000008ab00000, 0x000000008ab00000| Complete 
|  92|0x000000008ac00000, 0x000000008ad00000, 0x000000008ad00000|100%| E|  |TAMS 0x000000008ac00000, 0x000000008ac00000| Complete 
|  93|0x000000008ad00000, 0x000000008ae00000, 0x000000008ae00000|100%| E|  |TAMS 0x000000008ad00000, 0x000000008ad00000| Complete 
|  94|0x000000008ae00000, 0x000000008af00000, 0x000000008af00000|100%| E|  |TAMS 0x000000008ae00000, 0x000000008ae00000| Complete 
|  95|0x000000008af00000, 0x000000008b000000, 0x000000008b000000|100%| E|  |TAMS 0x000000008af00000, 0x000000008af00000| Complete 
|  96|0x000000008b000000, 0x000000008b100000, 0x000000008b100000|100%| E|  |TAMS 0x000000008b000000, 0x000000008b000000| Complete 
|  97|0x000000008b100000, 0x000000008b200000, 0x000000008b200000|100%| E|  |TAMS 0x000000008b100000, 0x000000008b100000| Complete 
|1966|0x00000000ffe00000, 0x00000000ffe47000, 0x00000000fff00000| 27%|OA|  |TAMS 0x00000000ffe47000, 0x00000000ffe00000| Untracked 
|1967|0x00000000fff00000, 0x00000000fff6b000, 0x0000000100000000| 41%|CA|  |TAMS 0x00000000fff6b000, 0x00000000fff00000| Untracked 

Card table byte_map: [0x00007feb33c28000,0x00007feb34000000] _byte_map_base: 0x00007feb33800000

Marking Bits (Prev, Next): (CMBitMap*) 0x00007feb50059260, (CMBitMap*) 0x00007feb50059228
 Prev Bits: [0x00007feb2fad0000, 0x00007feb31990000)
 Next Bits: [0x00007feb31990000, 0x00007feb33850000)

Polling page: 0x00007feb55ea4000

Metaspace:

Usage:
  Non-class:     63.00 MB capacity,    61.22 MB ( 97%) used,     1.47 MB (  2%) free+waste,   318.75 KB ( <1%) overhead. 
      Class:     10.68 MB capacity,     9.56 MB ( 89%) used,   991.81 KB (  9%) free+waste,   158.06 KB (  1%) overhead. 
       Both:     73.68 MB capacity,    70.78 MB ( 96%) used,     2.44 MB (  3%) free+waste,   476.81 KB ( <1%) overhead. 

Virtual space:
  Non-class space:       64.00 MB reserved,      63.25 MB ( 99%) committed 
      Class space:        1.00 GB reserved,      10.71 MB (  1%) committed 
             Both:        1.06 GB reserved,      73.95 MB (  7%) committed 

Chunk freelists:
   Non-Class:  0 bytes
       Class:  7.00 KB
        Both:  7.00 KB

MaxMetaspaceSize: unlimited
CompressedClassSpaceSize: 1.00 GB
Initial GC threshold: 20.80 MB
Current GC threshold: 117.63 MB
CDS: on

CodeHeap 'non-profiled nmethods': size=238948Kb used=20970Kb max_used=20970Kb free=217977Kb
 bounds [0x00007feb38ca7000, 0x00007feb3a127000, 0x00007feb47600000]
CodeHeap 'non-nmethods': size=6812Kb used=1341Kb max_used=1341Kb free=5470Kb
 bounds [0x00007feb38600000, 0x00007feb38870000, 0x00007feb38ca7000]
 total_blobs=13155 nmethods=12503 adapters=577
 compilation: enabled
              stopped_count=0, restarted_count=0
 full_count=0

Compilation events (20 events):
Event: 8433.169 Thread 0x00007feb5011d800 12506       1       org.springframework.context.i18n.LocaleContextHolder::getLocaleContext (26 bytes)
Event: 8433.170 Thread 0x00007feb5011d800 nmethod 12506 0x00007feb3a11d890 code [0x00007feb3a11da60, 0x00007feb3a11dc10]
Event: 8433.170 Thread 0x00007feb5011d800 12505       1       org.apache.tomcat.util.net.AbstractEndpoint::getMaxKeepAliveRequests (17 bytes)
Event: 8433.172 Thread 0x00007feb5011d800 nmethod 12505 0x00007feb3a11dd10 code [0x00007feb3a11dec0, 0x00007feb3a11dfd0]
Event: 8433.179 Thread 0x00007feb5011d800 12507       1       org.apache.tomcat.util.net.NioEndpoint$PollerEvent::reset (11 bytes)
Event: 8433.179 Thread 0x00007feb5011d800 nmethod 12507 0x00007feb3a11e090 code [0x00007feb3a11e240, 0x00007feb3a11e370]
Event: 8811.031 Thread 0x00007feb5011d800 12508       1       java.util.Date::getTime (5 bytes)
Event: 8811.032 Thread 0x00007feb5011d800 nmethod 12508 0x00007feb3a11e410 code [0x00007feb3a11e5c0, 0x00007feb3a11e6e0]
Event: 8811.032 Thread 0x00007feb5011d800 12509       1       org.springframework.core.log.LogMessage$FormatMessage::<init> (16 bytes)
Event: 8811.033 Thread 0x00007feb5011d800 nmethod 12509 0x00007feb3a11e790 code [0x00007feb3a11e940, 0x00007feb3a11eb40]
Event: 8811.048 Thread 0x00007feb5011d800 12510   !   1       java.lang.ThreadGroup::activeCount (92 bytes)
Event: 8811.049 Thread 0x00007feb5011d800 nmethod 12510 0x00007feb3a11ec10 code [0x00007feb3a11ede0, 0x00007feb3a11f230]
Event: 8811.049 Thread 0x00007feb5011d800 12511   !   1       java.lang.ThreadGroup::enumerate (171 bytes)
Event: 8811.050 Thread 0x00007feb5011d800 nmethod 12511 0x00007feb3a11f490 code [0x00007feb3a11f6a0, 0x00007feb3a11fd60]
Event: 8811.056 Thread 0x00007feb5011d800 12512  s    1       org.apache.tomcat.util.modeler.Registry::getRegistry (48 bytes)
Event: 8811.056 Thread 0x00007feb5011d800 nmethod 12512 0x00007feb3a120290 code [0x00007feb3a120460, 0x00007feb3a1208a0]
Event: 8811.063 Thread 0x00007feb5011d800 12513       1       java.util.concurrent.ConcurrentLinkedQueue$Node::casItem (10 bytes)
Event: 8811.064 Thread 0x00007feb5011d800 nmethod 12513 0x00007feb3a120a10 code [0x00007feb3a120c20, 0x00007feb3a121170]
Event: 8811.066 Thread 0x00007feb5011d800 12514       1       java.lang.Thread::exit (70 bytes)
Event: 8811.067 Thread 0x00007feb5011d800 nmethod 12514 0x00007feb3a121410 code [0x00007feb3a121600, 0x00007feb3a121980]

GC Heap History (20 events):
Event: 3864.377 GC heap after
{Heap after GC invocations=40 (full 2):
 garbage-first heap   total 102400K, used 39894K [0x0000000085000000, 0x0000000100000000)
  region size 1024K, 4 young (4096K), 4 survivors (4096K)
 Metaspace       used 72252K, capacity 75207K, committed 75472K, reserved 1114112K
  class space    used 9754K, capacity 10855K, committed 10964K, reserved 1048576K
}
Event: 4357.294 GC heap before
{Heap before GC invocations=40 (full 2):
 garbage-first heap   total 102400K, used 82902K [0x0000000085000000, 0x0000000100000000)
  region size 1024K, 46 young (47104K), 4 survivors (4096K)
 Metaspace       used 72252K, capacity 75207K, committed 75472K, reserved 1114112K
  class space    used 9754K, capacity 10855K, committed 10964K, reserved 1048576K
}
Event: 4357.306 GC heap after
{Heap after GC invocations=41 (full 2):
 garbage-first heap   total 102400K, used 39588K [0x0000000085000000, 0x0000000100000000)
  region size 1024K, 3 young (3072K), 3 survivors (3072K)
 Metaspace       used 72252K, capacity 75207K, committed 75472K, reserved 1114112K
  class space    used 9754K, capacity 10855K, committed 10964K, reserved 1048576K
}
Event: 4875.560 GC heap before
{Heap before GC invocations=41 (full 2):
 garbage-first heap   total 102400K, used 84644K [0x0000000085000000, 0x0000000100000000)
  region size 1024K, 47 young (48128K), 3 survivors (3072K)
 Metaspace       used 72252K, capacity 75207K, committed 75472K, reserved 1114112K
  class space    used 9754K, capacity 10855K, committed 10964K, reserved 1048576K
}
Event: 4875.565 GC heap after
{Heap after GC invocations=42 (full 2):
 garbage-first heap   total 102400K, used 39617K [0x0000000085000000, 0x0000000100000000)
  region size 1024K, 3 young (3072K), 3 survivors (3072K)
 Metaspace       used 72252K, capacity 75207K, committed 75472K, reserved 1114112K
  class space    used 9754K, capacity 10855K, committed 10964K, reserved 1048576K
}
Event: 5398.243 GC heap before
{Heap before GC invocations=42 (full 2):
 garbage-first heap   total 102400K, used 84673K [0x0000000085000000, 0x0000000100000000)
  region size 1024K, 47 young (48128K), 3 survivors (3072K)
 Metaspace       used 72252K, capacity 75207K, committed 75472K, reserved 1114112K
  class space    used 9754K, capacity 10855K, committed 10964K, reserved 1048576K
}
Event: 5398.256 GC heap after
{Heap after GC invocations=43 (full 2):
 garbage-first heap   total 102400K, used 39617K [0x0000000085000000, 0x0000000100000000)
  region size 1024K, 3 young (3072K), 3 survivors (3072K)
 Metaspace       used 72252K, capacity 75207K, committed 75472K, reserved 1114112K
  class space    used 9754K, capacity 10855K, committed 10964K, reserved 1048576K
}
Event: 5904.242 GC heap before
{Heap before GC invocations=43 (full 2):
 garbage-first heap   total 102400K, used 84673K [0x0000000085000000, 0x0000000100000000)
  region size 1024K, 47 young (48128K), 3 survivors (3072K)
 Metaspace       used 72252K, capacity 75207K, committed 75472K, reserved 1114112K
  class space    used 9754K, capacity 10855K, committed 10964K, reserved 1048576K
}
Event: 5904.251 GC heap after
{Heap after GC invocations=44 (full 2):
 garbage-first heap   total 102400K, used 39560K [0x0000000085000000, 0x0000000100000000)
  region size 1024K, 3 young (3072K), 3 survivors (3072K)
 Metaspace       used 72252K, capacity 75207K, committed 75472K, reserved 1114112K
  class space    used 9754K, capacity 10855K, committed 10964K, reserved 1048576K
}
Event: 6422.631 GC heap before
{Heap before GC invocations=44 (full 2):
 garbage-first heap   total 102400K, used 84616K [0x0000000085000000, 0x0000000100000000)
  region size 1024K, 47 young (48128K), 3 survivors (3072K)
 Metaspace       used 72253K, capacity 75207K, committed 75472K, reserved 1114112K
  class space    used 9754K, capacity 10855K, committed 10964K, reserved 1048576K
}
Event: 6422.643 GC heap after
{Heap after GC invocations=45 (full 2):
 garbage-first heap   total 102400K, used 39441K [0x0000000085000000, 0x0000000100000000)
  region size 1024K, 3 young (3072K), 3 survivors (3072K)
 Metaspace       used 72253K, capacity 75207K, committed 75472K, reserved 1114112K
  class space    used 9754K, capacity 10855K, committed 10964K, reserved 1048576K
}
Event: 6920.337 GC heap before
{Heap before GC invocations=45 (full 2):
 garbage-first heap   total 102400K, used 83473K [0x0000000085000000, 0x0000000100000000)
  region size 1024K, 47 young (48128K), 3 survivors (3072K)
 Metaspace       used 72258K, capacity 75210K, committed 75472K, reserved 1114112K
  class space    used 9755K, capacity 10856K, committed 10964K, reserved 1048576K
}
Event: 6920.357 GC heap after
{Heap after GC invocations=46 (full 2):
 garbage-first heap   total 102400K, used 39454K [0x0000000085000000, 0x0000000100000000)
  region size 1024K, 3 young (3072K), 3 survivors (3072K)
 Metaspace       used 72258K, capacity 75210K, committed 75472K, reserved 1114112K
  class space    used 9755K, capacity 10856K, committed 10964K, reserved 1048576K
}
Event: 7368.083 GC heap before
{Heap before GC invocations=46 (full 2):
 garbage-first heap   total 102400K, used 83486K [0x0000000085000000, 0x0000000100000000)
  region size 1024K, 47 young (48128K), 3 survivors (3072K)
 Metaspace       used 72437K, capacity 75391K, committed 75472K, reserved 1114112K
  class space    used 9779K, capacity 10896K, committed 10964K, reserved 1048576K
}
Event: 7368.098 GC heap after
{Heap after GC invocations=47 (full 2):
 garbage-first heap   total 102400K, used 39865K [0x0000000085000000, 0x0000000100000000)
  region size 1024K, 3 young (3072K), 3 survivors (3072K)
 Metaspace       used 72437K, capacity 75391K, committed 75472K, reserved 1114112K
  class space    used 9779K, capacity 10896K, committed 10964K, reserved 1048576K
}
Event: 7878.330 GC heap before
{Heap before GC invocations=47 (full 2):
 garbage-first heap   total 102400K, used 84921K [0x0000000085000000, 0x0000000100000000)
  region size 1024K, 47 young (48128K), 3 survivors (3072K)
 Metaspace       used 72437K, capacity 75391K, committed 75472K, reserved 1114112K
  class space    used 9779K, capacity 10896K, committed 10964K, reserved 1048576K
}
Event: 7878.338 GC heap after
{Heap after GC invocations=48 (full 2):
 garbage-first heap   total 102400K, used 39769K [0x0000000085000000, 0x0000000100000000)
  region size 1024K, 3 young (3072K), 3 survivors (3072K)
 Metaspace       used 72437K, capacity 75391K, committed 75472K, reserved 1114112K
  class space    used 9779K, capacity 10896K, committed 10964K, reserved 1048576K
}
Event: 8376.353 GC heap before
{Heap before GC invocations=48 (full 2):
 garbage-first heap   total 102400K, used 84825K [0x0000000085000000, 0x0000000100000000)
  region size 1024K, 47 young (48128K), 3 survivors (3072K)
 Metaspace       used 72474K, capacity 75442K, committed 75472K, reserved 1114112K
  class space    used 9786K, capacity 10935K, committed 10964K, reserved 1048576K
}
Event: 8376.365 GC heap after
{Heap after GC invocations=49 (full 2):
 garbage-first heap   total 102400K, used 39623K [0x0000000085000000, 0x0000000100000000)
  region size 1024K, 3 young (3072K), 3 survivors (3072K)
 Metaspace       used 72474K, capacity 75442K, committed 75472K, reserved 1114112K
  class space    used 9786K, capacity 10935K, committed 10964K, reserved 1048576K
}
Event: 8811.074 GC heap before
{Heap before GC invocations=49 (full 2):
 garbage-first heap   total 102400K, used 79559K [0x0000000085000000, 0x0000000100000000)
  region size 1024K, 43 young (44032K), 3 survivors (3072K)
 Metaspace       used 72477K, capacity 75449K, committed 75728K, reserved 1114112K
  class space    used 9787K, capacity 10937K, committed 10964K, reserved 1048576K
}

Deoptimization events (10 events):
Event: 2.677 Thread 0x00007feadc009000 DEOPT PACKING pc=0x00007feb38ff059c sp=0x00007feb0ebf48d0
Event: 2.677 Thread 0x00007feadc009000 DEOPT UNPACKING pc=0x00007feb3864a64a sp=0x00007feb0ebf3e58 mode 0
Event: 6.605 Thread 0x00007feadc009000 DEOPT PACKING pc=0x00007feb38f8d9a5 sp=0x00007feb0ebf4b80
Event: 6.605 Thread 0x00007feadc009000 DEOPT UNPACKING pc=0x00007feb3864a64a sp=0x00007feb0ebf40a8 mode 3
Event: 6.606 Thread 0x00007feadc009000 DEOPT PACKING pc=0x00007feb38f9706e sp=0x00007feb0ebf4b40
Event: 6.606 Thread 0x00007feadc009000 DEOPT UNPACKING pc=0x00007feb3864a64a sp=0x00007feb0ebf40a8 mode 3
Event: 6.772 Thread 0x00007feadc009000 DEOPT PACKING pc=0x00007feb39572794 sp=0x00007feb0ebf29a0
Event: 6.772 Thread 0x00007feadc009000 DEOPT UNPACKING pc=0x00007feb3864a64a sp=0x00007feb0ebf1ff0 mode 0
Event: 12.058 Thread 0x00007fead13f5000 DEOPT PACKING pc=0x00007feb38dfecbc sp=0x00007feab6dfa1b0
Event: 12.058 Thread 0x00007fead13f5000 DEOPT UNPACKING pc=0x00007feb3864a64a sp=0x00007feab6df96e8 mode 0

Classes redefined (0 events):
No events

Internal exceptions (20 events):
Event: 248.747 Thread 0x00007feabc00c000 Exception <a 'java/lang/ClassNotFoundException'{0x0000000089721368}: com/app/entities/OrderDetailsCustomizer> (0x0000000089721368) thrown at [./src/hotspot/share/classfile/systemDictionary.cpp, line 230]
Event: 1613.515 Thread 0x00007feac83ca000 Exception <a 'java/lang/ClassNotFoundException'{0x00000000889acf90}: java/lang/ObjectCustomizer> (0x00000000889acf90) thrown at [./src/hotspot/share/classfile/systemDictionary.cpp, line 230]
Event: 1613.516 Thread 0x00007feac83ca000 Exception <a 'java/lang/ClassNotFoundException'{0x00000000889c77a0}: com/app/entities/VendorProductsCustomizer> (0x00000000889c77a0) thrown at [./src/hotspot/share/classfile/systemDictionary.cpp, line 230]
Event: 1613.523 Thread 0x00007feac83ca000 Exception <a 'java/lang/ClassNotFoundException'{0x0000000088808638}: java/lang/ObjectCustomizer> (0x0000000088808638) thrown at [./src/hotspot/share/classfile/systemDictionary.cpp, line 230]
Event: 1613.524 Thread 0x00007feac83ca000 Exception <a 'java/lang/ClassNotFoundException'{0x0000000088822030}: com/app/entities/ProductCustomizer> (0x0000000088822030) thrown at [./src/hotspot/share/classfile/systemDictionary.cpp, line 230]
Event: 2575.829 Thread 0x00007feac83c9800 Exception <a 'java/io/IOException'{0x000000008a5881c8}> (0x000000008a5881c8) thrown at [./src/hotspot/share/prims/jni.cpp, line 617]
Event: 2575.835 Thread 0x00007feac83c6800 Exception <a 'java/io/IOException'{0x000000008a34a240}> (0x000000008a34a240) thrown at [./src/hotspot/share/prims/jni.cpp, line 617]
Event: 7258.996 Thread 0x00007feac83cb000 Exception <a 'java/io/IOException'{0x00000000894de9d0}> (0x00000000894de9d0) thrown at [./src/hotspot/share/prims/jni.cpp, line 617]
Event: 7258.998 Thread 0x00007feac83c9800 Exception <a 'java/io/IOException'{0x00000000894f4658}> (0x00000000894f4658) thrown at [./src/hotspot/share/prims/jni.cpp, line 617]
Event: 7259.000 Thread 0x00007feac83ca000 Exception <a 'java/io/IOException'{0x00000000894fa450}> (0x00000000894fa450) thrown at [./src/hotspot/share/prims/jni.cpp, line 617]
Event: 7275.863 Thread 0x00007feac83c6800 Exception <a 'java/lang/ClassNotFoundException'{0x0000000088f929d0}: java/lang/ObjectCustomizer> (0x0000000088f929d0) thrown at [./src/hotspot/share/classfile/systemDictionary.cpp, line 230]
Event: 7275.865 Thread 0x00007feac83c6800 Exception <a 'java/lang/ClassNotFoundException'{0x0000000088fae9f8}: com/app/entities/CartCustomizer> (0x0000000088fae9f8) thrown at [./src/hotspot/share/classfile/systemDictionary.cpp, line 230]
Event: 8069.141 Thread 0x00007feac83cd000 Exception <a 'java/io/IOException'{0x000000008a0c4d10}> (0x000000008a0c4d10) thrown at [./src/hotspot/share/prims/jni.cpp, line 617]
Event: 8811.031 Thread 0x00007feac83c4800 Exception <a 'java/io/IOException'{0x0000000088b08f18}> (0x0000000088b08f18) thrown at [./src/hotspot/share/prims/jni.cpp, line 617]
Event: 8811.042 Thread 0x00007feac82da800 Exception <a 'java/io/IOException'{0x0000000088b87d18}> (0x0000000088b87d18) thrown at [./src/hotspot/share/prims/jni.cpp, line 617]
Event: 8811.044 Thread 0x00007feac82da800 Exception <a 'java/io/IOException'{0x0000000088b8ad98}> (0x0000000088b8ad98) thrown at [./src/hotspot/share/prims/jni.cpp, line 617]
Event: 8811.055 Thread 0x00007feac82e7800 Exception <a 'java/lang/InterruptedException'{0x0000000088b9fbc8}: sleep interrupted> (0x0000000088b9fbc8) thrown at [./src/hotspot/share/prims/jvm.cpp, line 3128]
Event: 8811.063 Thread 0x00007feac82da800 Exception <a 'java/io/IOException'{0x0000000088a4a6b8}> (0x0000000088a4a6b8) thrown at [./src/hotspot/share/prims/jni.cpp, line 617]
Event: 8811.066 Thread 0x00007feac82da800 Exception <a 'java/io/IOException'{0x0000000088a541f8}> (0x0000000088a541f8) thrown at [./src/hotspot/share/prims/jni.cpp, line 617]
Event: 8811.071 Thread 0x00007feac82da800 Exception <a 'java/io/IOException'{0x0000000088a56258}> (0x0000000088a56258) thrown at [./src/hotspot/share/prims/jni.cpp, line 617]

Events (20 events):
Event: 8811.069 Executing VM operation: RevokeBias done
Event: 8811.069 Executing VM operation: RevokeBias
Event: 8811.069 Executing VM operation: RevokeBias done
Event: 8811.069 Executing VM operation: BulkRevokeBias
Event: 8811.069 Executing VM operation: BulkRevokeBias done
Event: 8811.069 Executing VM operation: RevokeBias
Event: 8811.069 Executing VM operation: RevokeBias done
Event: 8811.070 Executing VM operation: RevokeBias
Event: 8811.070 Executing VM operation: RevokeBias done
Event: 8811.070 Executing VM operation: RevokeBias
Event: 8811.070 Executing VM operation: RevokeBias done
Event: 8811.070 Executing VM operation: RevokeBias
Event: 8811.070 Executing VM operation: RevokeBias done
Event: 8811.070 Executing VM operation: RevokeBias
Event: 8811.070 Executing VM operation: RevokeBias done
Event: 8811.070 Executing VM operation: RevokeBias
Event: 8811.070 Executing VM operation: RevokeBias done
Event: 8811.070 Executing VM operation: RevokeBias
Event: 8811.070 Executing VM operation: RevokeBias done
Event: 8811.071 Executing VM operation: G1CollectFull


Dynamic libraries:
85000000-8b200000 rw-p 00000000 00:00 0 
8b200000-ffe00000 ---p 00000000 00:00 0 
ffe00000-ffe47000 rw-p 00b0a000 08:08 6163746                            /usr/lib/jvm/java-11-openjdk-amd64/lib/server/classes.jsa
ffe47000-fff00000 rw-p 00000000 00:00 0 
fff00000-fff6b000 rw-p 00a9f000 08:08 6163746                            /usr/lib/jvm/java-11-openjdk-amd64/lib/server/classes.jsa
fff6b000-100000000 rw-p 00000000 00:00 0 
800000000-800002000 rwxp 00001000 08:08 6163746                          /usr/lib/jvm/java-11-openjdk-amd64/lib/server/classes.jsa
800002000-8003cc000 rw-p 00003000 08:08 6163746                          /usr/lib/jvm/java-11-openjdk-amd64/lib/server/classes.jsa
8003cc000-800a9d000 r--p 003cd000 08:08 6163746                          /usr/lib/jvm/java-11-openjdk-amd64/lib/server/classes.jsa
800a9d000-800a9e000 rw-p 00a9e000 08:08 6163746                          /usr/lib/jvm/java-11-openjdk-amd64/lib/server/classes.jsa
840000000-840ab5000 rw-p 00000000 00:00 0 
840ab5000-880000000 ---p 00000000 00:00 0 
5652d1e91000-5652d1e92000 r--p 00000000 08:08 6163610                    /usr/lib/jvm/java-11-openjdk-amd64/bin/java
5652d1e92000-5652d1e93000 r-xp 00001000 08:08 6163610                    /usr/lib/jvm/java-11-openjdk-amd64/bin/java
5652d1e93000-5652d1e94000 r--p 00002000 08:08 6163610                    /usr/lib/jvm/java-11-openjdk-amd64/bin/java
5652d1e94000-5652d1e95000 r--p 00002000 08:08 6163610                    /usr/lib/jvm/java-11-openjdk-amd64/bin/java
5652d1e95000-5652d1e96000 rw-p 00003000 08:08 6163610                    /usr/lib/jvm/java-11-openjdk-amd64/bin/java
5652d3bd5000-5652d3c42000 rw-p 00000000 00:00 0                          [heap]
7feab0000000-7feab00ac000 rw-p 00000000 00:00 0 
7feab00ac000-7feab4000000 ---p 00000000 00:00 0 
7feab5797000-7feab5b40000 rw-p 00000000 00:00 0 
7feab5b40000-7feab5c00000 ---p 00000000 00:00 0 
7feab5c00000-7feab5e00000 rw-p 00000000 00:00 0 
7feab5e00000-7feab5e04000 ---p 00000000 00:00 0 
7feab5e04000-7feab5f00000 rw-p 00000000 00:00 0 
7feab5f00000-7feab5f04000 ---p 00000000 00:00 0 
7feab5f04000-7feab6000000 rw-p 00000000 00:00 0 
7feab6000000-7feab6004000 ---p 00000000 00:00 0 
7feab6004000-7feab6300000 rw-p 00000000 00:00 0 
7feab6300000-7feab6500000 rw-p 00000000 00:00 0 
7feab6500000-7feab6700000 rw-p 00000000 00:00 0 
7feab6700000-7feab6704000 ---p 00000000 00:00 0 
7feab6704000-7feab6800000 rw-p 00000000 00:00 0 
7feab6800000-7feab6804000 ---p 00000000 00:00 0 
7feab6804000-7feab6900000 rw-p 00000000 00:00 0 
7feab6900000-7feab6904000 ---p 00000000 00:00 0 
7feab6904000-7feab6a00000 rw-p 00000000 00:00 0 
7feab6a00000-7feab6a04000 ---p 00000000 00:00 0 
7feab6a04000-7feab6b00000 rw-p 00000000 00:00 0 
7feab6b00000-7feab6b04000 ---p 00000000 00:00 0 
7feab6b04000-7feab6c00000 rw-p 00000000 00:00 0 
7feab6c00000-7feab6c04000 ---p 00000000 00:00 0 
7feab6c04000-7feab6d00000 rw-p 00000000 00:00 0 
7feab6d00000-7feab6d04000 ---p 00000000 00:00 0 
7feab6d04000-7feab6e00000 rw-p 00000000 00:00 0 
7feab6e00000-7feab6e04000 ---p 00000000 00:00 0 
7feab6e04000-7feab6f00000 rw-p 00000000 00:00 0 
7feab6f00000-7feab6f04000 ---p 00000000 00:00 0 
7feab6f04000-7feab7000000 rw-p 00000000 00:00 0 
7feab7000000-7feab7004000 ---p 00000000 00:00 0 
7feab7004000-7feab7100000 rw-p 00000000 00:00 0 
7feab7100000-7feab7104000 ---p 00000000 00:00 0 
7feab7104000-7feab7200000 rw-p 00000000 00:00 0 
7feab7200000-7feab7204000 ---p 00000000 00:00 0 
7feab7204000-7feab7300000 rw-p 00000000 00:00 0 
7feab7300000-7feab7304000 ---p 00000000 00:00 0 
7feab7304000-7feab7600000 rw-p 00000000 00:00 0 
7feab7600000-7feab7800000 rw-p 00000000 00:00 0 
7feab7800000-7feab7a00000 rw-p 00000000 00:00 0 
7feab7a00000-7feab7c00000 rw-p 00000000 00:00 0 
7feab7c00000-7feab7e00000 rw-p 00000000 00:00 0 
7feab7e00000-7feab8000000 rw-p 00000000 00:00 0 
7feab8000000-7feab80f3000 rw-p 00000000 00:00 0 
7feab80f3000-7feabc000000 ---p 00000000 00:00 0 
7feabc000000-7feabc033000 rw-p 00000000 00:00 0 
7feabc033000-7feac0000000 ---p 00000000 00:00 0 
7feac0000000-7feac0033000 rw-p 00000000 00:00 0 
7feac0033000-7feac4000000 ---p 00000000 00:00 0 
7feac4000000-7feac4034000 rw-p 00000000 00:00 0 
7feac4034000-7feac8000000 ---p 00000000 00:00 0 
7feac8000000-7feac843b000 rw-p 00000000 00:00 0 
7feac843b000-7feacc000000 ---p 00000000 00:00 0 
7feacc000000-7feacc030000 rw-p 00000000 00:00 0 
7feacc030000-7fead0000000 ---p 00000000 00:00 0 
7fead0000000-7fead1411000 rw-p 00000000 00:00 0 
7fead1411000-7fead4000000 ---p 00000000 00:00 0 
7fead4000000-7fead40ae000 rw-p 00000000 00:00 0 
7fead40ae000-7fead8000000 ---p 00000000 00:00 0 
7fead8000000-7fead80ac000 rw-p 00000000 00:00 0 
7fead80ac000-7feadc000000 ---p 00000000 00:00 0 
7feadc000000-7feadc09b000 rw-p 00000000 00:00 0 
7feadc09b000-7feae0000000 ---p 00000000 00:00 0 
7feae0000000-7feae00ab000 rw-p 00000000 00:00 0 
7feae00ab000-7feae4000000 ---p 00000000 00:00 0 
7feae4000000-7feae4157000 rw-p 00000000 00:00 0 
7feae4157000-7feae8000000 ---p 00000000 00:00 0 
7feae8000000-7feae80af000 rw-p 00000000 00:00 0 
7feae80af000-7feaec000000 ---p 00000000 00:00 0 
7feaec000000-7feaec100000 rw-p 00000000 00:00 0 
7feaec100000-7feaf0000000 ---p 00000000 00:00 0 
7feaf0000000-7feaf0039000 rw-p 00000000 00:00 0 
7feaf0039000-7feaf4000000 ---p 00000000 00:00 0 
7feaf4000000-7feaf405b000 rw-p 00000000 00:00 0 
7feaf405b000-7feaf8000000 ---p 00000000 00:00 0 
7feaf8000000-7feaf8079000 rw-p 00000000 00:00 0 
7feaf8079000-7feafc000000 ---p 00000000 00:00 0 
7feafc000000-7feafc034000 rw-p 00000000 00:00 0 
7feafc034000-7feb00000000 ---p 00000000 00:00 0 
7feb00000000-7feb00021000 rw-p 00000000 00:00 0 
7feb00021000-7feb04000000 ---p 00000000 00:00 0 
7feb04000000-7feb047c2000 rw-p 00000000 00:00 0 
7feb047c2000-7feb08000000 ---p 00000000 00:00 0 
7feb08000000-7feb08021000 rw-p 00000000 00:00 0 
7feb08021000-7feb0c000000 ---p 00000000 00:00 0 
7feb0c0f6000-7feb0c0fa000 ---p 00000000 00:00 0 
7feb0c0fa000-7feb0c3f6000 rw-p 00000000 00:00 0 
7feb0c3f6000-7feb0c5f6000 rw-p 00000000 00:00 0 
7feb0c5f6000-7feb0c7f6000 rw-p 00000000 00:00 0 
7feb0c7f6000-7feb0c7fa000 ---p 00000000 00:00 0 
7feb0c7fa000-7feb0c8f6000 rw-p 00000000 00:00 0 
7feb0c8f6000-7feb0c8fa000 ---p 00000000 00:00 0 
7feb0c8fa000-7feb0cbf6000 rw-p 00000000 00:00 0 
7feb0cbf6000-7feb0cdf6000 rw-p 00000000 00:00 0 
7feb0cdf6000-7feb0cff6000 rw-p 00000000 00:00 0 
7feb0cff6000-7feb0d1f6000 rw-p 00000000 00:00 0 
7feb0d1f6000-7feb0d1fa000 ---p 00000000 00:00 0 
7feb0d1fa000-7feb0d2f6000 rw-p 00000000 00:00 0 
7feb0d2f6000-7feb0d2fa000 ---p 00000000 00:00 0 
7feb0d2fa000-7feb0d5f6000 rw-p 00000000 00:00 0 
7feb0d5f6000-7feb0d7f6000 rw-p 00000000 00:00 0 
7feb0d7f6000-7feb0d9f6000 rw-p 00000000 00:00 0 
7feb0d9f6000-7feb0dbf6000 rw-p 00000000 00:00 0 
7feb0dbf6000-7feb0ddf6000 rw-p 00000000 00:00 0 
7feb0ddf6000-7feb0ddfa000 ---p 00000000 00:00 0 
7feb0ddfa000-7feb0e0f5000 rw-p 00000000 00:00 0 
7feb0e0f5000-7feb0e0f6000 ---p 00000000 00:00 0 
7feb0e0f6000-7feb0e2f6000 rw-p 00000000 00:00 0 
7feb0e2f6000-7feb0e4f6000 rw-p 00000000 00:00 0 
7feb0e4f6000-7feb0e6f6000 rw-p 00000000 00:00 0 
7feb0e6f6000-7feb0e6fa000 ---p 00000000 00:00 0 
7feb0e6fa000-7feb0e7f6000 rw-p 00000000 00:00 0 
7feb0e7f6000-7feb0e7f7000 ---p 00000000 00:00 0 
7feb0e7f7000-7feb0eaf8000 rw-p 00000000 00:00 0 
7feb0eaf8000-7feb0eafc000 ---p 00000000 00:00 0 
7feb0eafc000-7feb0ebf8000 rw-p 00000000 00:00 0 
7feb0ebf8000-7feb0ebfc000 ---p 00000000 00:00 0 
7feb0ebfc000-7feb0ecf8000 rw-p 00000000 00:00 0 
7feb0ecf8000-7feb0ecf9000 ---p 00000000 00:00 0 
7feb0ecf9000-7feb0edfa000 rw-p 00000000 00:00 0 
7feb0edfa000-7feb0edfb000 ---p 00000000 00:00 0 
7feb0edfb000-7feb0eefc000 rw-p 00000000 00:00 0 
7feb0eefc000-7feb0eefd000 ---p 00000000 00:00 0 
7feb0eefd000-7feb0effe000 rw-p 00000000 00:00 0 
7feb0effe000-7feb0efff000 ---p 00000000 00:00 0 
7feb0efff000-7feb0f100000 rw-p 00000000 00:00 0 
7feb0f100000-7feb0f104000 ---p 00000000 00:00 0 
7feb0f104000-7feb0f200000 rw-p 00000000 00:00 0 
7feb0f200000-7feb0ffe7000 r--p 00000000 08:08 6034758                    /usr/lib/locale/locale-archive
7feb10000000-7feb1009f000 rw-p 00000000 00:00 0 
7feb1009f000-7feb14000000 ---p 00000000 00:00 0 
7feb14000000-7feb14052000 rw-p 00000000 00:00 0 
7feb14052000-7feb18000000 ---p 00000000 00:00 0 
7feb18000000-7feb1808b000 rw-p 00000000 00:00 0 
7feb1808b000-7feb1c000000 ---p 00000000 00:00 0 
7feb1c000000-7feb1cb65000 rw-p 00000000 00:00 0 
7feb1cb65000-7feb20000000 ---p 00000000 00:00 0 
7feb20000000-7feb200a6000 rw-p 00000000 00:00 0 
7feb200a6000-7feb24000000 ---p 00000000 00:00 0 
7feb24000000-7feb24084000 rw-p 00000000 00:00 0 
7feb24084000-7feb28000000 ---p 00000000 00:00 0 
7feb28000000-7feb2805d000 rw-p 00000000 00:00 0 
7feb2805d000-7feb2c000000 ---p 00000000 00:00 0 
7feb2c037000-7feb2c05f000 rw-p 00000000 00:00 0 
7feb2c05f000-7feb2c067000 r--p 00000000 08:08 6163717                    /usr/lib/jvm/java-11-openjdk-amd64/lib/libsunec.so
7feb2c067000-7feb2c080000 r-xp 00008000 08:08 6163717                    /usr/lib/jvm/java-11-openjdk-amd64/lib/libsunec.so
7feb2c080000-7feb2c08a000 r--p 00021000 08:08 6163717                    /usr/lib/jvm/java-11-openjdk-amd64/lib/libsunec.so
7feb2c08a000-7feb2c08b000 ---p 0002b000 08:08 6163717                    /usr/lib/jvm/java-11-openjdk-amd64/lib/libsunec.so
7feb2c08b000-7feb2c08f000 r--p 0002b000 08:08 6163717                    /usr/lib/jvm/java-11-openjdk-amd64/lib/libsunec.so
7feb2c08f000-7feb2c091000 rw-p 0002f000 08:08 6163717                    /usr/lib/jvm/java-11-openjdk-amd64/lib/libsunec.so
7feb2c091000-7feb2c095000 ---p 00000000 00:00 0 
7feb2c095000-7feb2c191000 rw-p 00000000 00:00 0 
7feb2c191000-7feb2c195000 ---p 00000000 00:00 0 
7feb2c195000-7feb2c2c2000 rw-p 00000000 00:00 0 
7feb2c2c2000-7feb2c2c6000 ---p 00000000 00:00 0 
7feb2c2c6000-7feb2c3c2000 rw-p 00000000 00:00 0 
7feb2c3c2000-7feb2c3c6000 ---p 00000000 00:00 0 
7feb2c3c6000-7feb2c4c2000 rw-p 00000000 00:00 0 
7feb2c4c2000-7feb2c4c6000 ---p 00000000 00:00 0 
7feb2c4c6000-7feb2c5c2000 rw-p 00000000 00:00 0 
7feb2c5c2000-7feb2c5c6000 ---p 00000000 00:00 0 
7feb2c5c6000-7feb2c6c2000 rw-p 00000000 00:00 0 
7feb2c6c2000-7feb2c6c6000 ---p 00000000 00:00 0 
7feb2c6c6000-7feb2c7c2000 rw-p 00000000 00:00 0 
7feb2c7c2000-7feb2c7c6000 ---p 00000000 00:00 0 
7feb2c7c6000-7feb2c8c2000 rw-p 00000000 00:00 0 
7feb2c8c2000-7feb2c8c6000 ---p 00000000 00:00 0 
7feb2c8c6000-7feb2c9c2000 rw-p 00000000 00:00 0 
7feb2c9c2000-7feb2c9c3000 ---p 00000000 00:00 0 
7feb2c9c3000-7feb2d2c4000 rw-p 00000000 00:00 0 
7feb2d2c4000-7feb2d2c5000 ---p 00000000 00:00 0 
7feb2d2c5000-7feb2d3c6000 rw-p 00000000 00:00 0 
7feb2d3c6000-7feb2d3c7000 ---p 00000000 00:00 0 
7feb2d3c7000-7feb2f8cc000 rw-p 00000000 00:00 0 
7feb2f8cc000-7feb2f8cd000 ---p 00000000 00:00 0 
7feb2f8cd000-7feb2f9ce000 rw-p 00000000 00:00 0 
7feb2f9ce000-7feb2f9cf000 ---p 00000000 00:00 0 
7feb2f9cf000-7feb2fc58000 rw-p 00000000 00:00 0 
7feb2fc58000-7feb31988000 ---p 00000000 00:00 0 
7feb31988000-7feb31b18000 rw-p 00000000 00:00 0 
7feb31b18000-7feb33848000 ---p 00000000 00:00 0 
7feb33848000-7feb33881000 rw-p 00000000 00:00 0 
7feb33881000-7feb33c27000 ---p 00000000 00:00 0 
7feb33c27000-7feb33c59000 rw-p 00000000 00:00 0 
7feb33c59000-7feb33fff000 ---p 00000000 00:00 0 
7feb33fff000-7feb34000000 rw-p 00000000 00:00 0 
7feb34000000-7feb3406b000 rw-p 00000000 00:00 0 
7feb3406b000-7feb38000000 ---p 00000000 00:00 0 
7feb38026000-7feb38057000 rw-p 00000000 00:00 0 
7feb38057000-7feb383fd000 ---p 00000000 00:00 0 
7feb383fd000-7feb38600000 rw-p 00000000 00:00 0 
7feb38600000-7feb38870000 rwxp 00000000 00:00 0 
7feb38870000-7feb38ca7000 ---p 00000000 00:00 0 
7feb38ca7000-7feb3a127000 rwxp 00000000 00:00 0 
7feb3a127000-7feb47600000 ---p 00000000 00:00 0 
7feb47600000-7feb4fe0b000 r--s 00000000 08:08 6163721                    /usr/lib/jvm/java-11-openjdk-amd64/lib/modules
7feb4fe23000-7feb50000000 rw-p 00000000 00:00 0 
7feb50000000-7feb507b7000 rw-p 00000000 00:00 0 
7feb507b7000-7feb54000000 ---p 00000000 00:00 0 
7feb5401e000-7feb54025000 r--s 00000000 08:08 266533                     /usr/lib/x86_64-linux-gnu/gconv/gconv-modules.cache
7feb54025000-7feb54026000 r--p 00000000 08:08 6163693                    /usr/lib/jvm/java-11-openjdk-amd64/lib/libextnet.so
7feb54026000-7feb54027000 r-xp 00001000 08:08 6163693                    /usr/lib/jvm/java-11-openjdk-amd64/lib/libextnet.so
7feb54027000-7feb54028000 r--p 00002000 08:08 6163693                    /usr/lib/jvm/java-11-openjdk-amd64/lib/libextnet.so
7feb54028000-7feb54029000 r--p 00002000 08:08 6163693                    /usr/lib/jvm/java-11-openjdk-amd64/lib/libextnet.so
7feb54029000-7feb5402a000 rw-p 00003000 08:08 6163693                    /usr/lib/jvm/java-11-openjdk-amd64/lib/libextnet.so
7feb5402a000-7feb5412b000 rw-p 00000000 00:00 0 
7feb5412b000-7feb5412c000 ---p 00000000 00:00 0 
7feb5412c000-7feb54256000 rw-p 00000000 00:00 0 
7feb54256000-7feb54400000 ---p 00000000 00:00 0 
7feb54400000-7feb5449a000 r--p 00000000 08:08 6029472                    /usr/lib/x86_64-linux-gnu/libstdc++.so.6.0.30
7feb5449a000-7feb545aa000 r-xp 0009a000 08:08 6029472                    /usr/lib/x86_64-linux-gnu/libstdc++.so.6.0.30
7feb545aa000-7feb54619000 r--p 001aa000 08:08 6029472                    /usr/lib/x86_64-linux-gnu/libstdc++.so.6.0.30
7feb54619000-7feb54624000 r--p 00218000 08:08 6029472                    /usr/lib/x86_64-linux-gnu/libstdc++.so.6.0.30
7feb54624000-7feb54627000 rw-p 00223000 08:08 6029472                    /usr/lib/x86_64-linux-gnu/libstdc++.so.6.0.30
7feb54627000-7feb5462a000 rw-p 00000000 00:00 0 
7feb5462d000-7feb5462e000 r--p 00000000 08:08 6036331                    /usr/lib/x86_64-linux-gnu/libnss_mdns4_minimal.so.2
7feb5462e000-7feb54630000 r-xp 00001000 08:08 6036331                    /usr/lib/x86_64-linux-gnu/libnss_mdns4_minimal.so.2
7feb54630000-7feb54631000 r--p 00003000 08:08 6036331                    /usr/lib/x86_64-linux-gnu/libnss_mdns4_minimal.so.2
7feb54631000-7feb54632000 r--p 00003000 08:08 6036331                    /usr/lib/x86_64-linux-gnu/libnss_mdns4_minimal.so.2
7feb54632000-7feb54633000 rw-p 00004000 08:08 6036331                    /usr/lib/x86_64-linux-gnu/libnss_mdns4_minimal.so.2
7feb54633000-7feb54635000 r--p 00000000 08:08 6163709                    /usr/lib/jvm/java-11-openjdk-amd64/lib/libmanagement_ext.so
7feb54635000-7feb54638000 r-xp 00002000 08:08 6163709                    /usr/lib/jvm/java-11-openjdk-amd64/lib/libmanagement_ext.so
7feb54638000-7feb5463a000 r--p 00005000 08:08 6163709                    /usr/lib/jvm/java-11-openjdk-amd64/lib/libmanagement_ext.so
7feb5463a000-7feb5463b000 r--p 00006000 08:08 6163709                    /usr/lib/jvm/java-11-openjdk-amd64/lib/libmanagement_ext.so
7feb5463b000-7feb5463c000 rw-p 00007000 08:08 6163709                    /usr/lib/jvm/java-11-openjdk-amd64/lib/libmanagement_ext.so
7feb5463c000-7feb54640000 r--p 00000000 08:08 6163711                    /usr/lib/jvm/java-11-openjdk-amd64/lib/libnet.so
7feb54640000-7feb5464e000 r-xp 00004000 08:08 6163711                    /usr/lib/jvm/java-11-openjdk-amd64/lib/libnet.so
7feb5464e000-7feb54652000 r--p 00012000 08:08 6163711                    /usr/lib/jvm/java-11-openjdk-amd64/lib/libnet.so
7feb54652000-7feb54653000 r--p 00015000 08:08 6163711                    /usr/lib/jvm/java-11-openjdk-amd64/lib/libnet.so
7feb54653000-7feb54654000 rw-p 00016000 08:08 6163711                    /usr/lib/jvm/java-11-openjdk-amd64/lib/libnet.so
7feb54654000-7feb54700000 rw-p 00000000 00:00 0 
7feb54700000-7feb54704000 ---p 00000000 00:00 0 
7feb54704000-7feb54800000 rw-p 00000000 00:00 0 
7feb54800000-7feb54a82000 r--p 00000000 08:08 6163724                    /usr/lib/jvm/java-11-openjdk-amd64/lib/server/libjvm.so
7feb54a82000-7feb5571e000 r-xp 00282000 08:08 6163724                    /usr/lib/jvm/java-11-openjdk-amd64/lib/server/libjvm.so
7feb5571e000-7feb55979000 r--p 00f1e000 08:08 6163724                    /usr/lib/jvm/java-11-openjdk-amd64/lib/server/libjvm.so
7feb55979000-7feb5597a000 ---p 01179000 08:08 6163724                    /usr/lib/jvm/java-11-openjdk-amd64/lib/server/libjvm.so
7feb5597a000-7feb55a3e000 r--p 01179000 08:08 6163724                    /usr/lib/jvm/java-11-openjdk-amd64/lib/server/libjvm.so
7feb55a3e000-7feb55a79000 rw-p 0123d000 08:08 6163724                    /usr/lib/jvm/java-11-openjdk-amd64/lib/server/libjvm.so
7feb55a79000-7feb55ad0000 rw-p 00000000 00:00 0 
7feb55ad0000-7feb55ad3000 r--p 00000000 08:08 6163707                    /usr/lib/jvm/java-11-openjdk-amd64/lib/libmanagement.so
7feb55ad3000-7feb55ad4000 r-xp 00003000 08:08 6163707                    /usr/lib/jvm/java-11-openjdk-amd64/lib/libmanagement.so
7feb55ad4000-7feb55ad5000 r--p 00004000 08:08 6163707                    /usr/lib/jvm/java-11-openjdk-amd64/lib/libmanagement.so
7feb55ad5000-7feb55ad6000 r--p 00004000 08:08 6163707                    /usr/lib/jvm/java-11-openjdk-amd64/lib/libmanagement.so
7feb55ad6000-7feb55ad7000 rw-p 00005000 08:08 6163707                    /usr/lib/jvm/java-11-openjdk-amd64/lib/libmanagement.so
7feb55ad7000-7feb55ade000 r--p 00000000 08:08 6163712                    /usr/lib/jvm/java-11-openjdk-amd64/lib/libnio.so
7feb55ade000-7feb55ae6000 r-xp 00007000 08:08 6163712                    /usr/lib/jvm/java-11-openjdk-amd64/lib/libnio.so
7feb55ae6000-7feb55ae9000 r--p 0000f000 08:08 6163712                    /usr/lib/jvm/java-11-openjdk-amd64/lib/libnio.so
7feb55ae9000-7feb55aea000 r--p 00011000 08:08 6163712                    /usr/lib/jvm/java-11-openjdk-amd64/lib/libnio.so
7feb55aea000-7feb55aeb000 rw-p 00012000 08:08 6163712                    /usr/lib/jvm/java-11-openjdk-amd64/lib/libnio.so
7feb55aeb000-7feb55af9000 r--p 00000000 08:08 6163700                    /usr/lib/jvm/java-11-openjdk-amd64/lib/libjava.so
7feb55af9000-7feb55b0f000 r-xp 0000e000 08:08 6163700                    /usr/lib/jvm/java-11-openjdk-amd64/lib/libjava.so
7feb55b0f000-7feb55b16000 r--p 00024000 08:08 6163700                    /usr/lib/jvm/java-11-openjdk-amd64/lib/libjava.so
7feb55b16000-7feb55b17000 r--p 0002a000 08:08 6163700                    /usr/lib/jvm/java-11-openjdk-amd64/lib/libjava.so
7feb55b17000-7feb55b18000 rw-p 0002b000 08:08 6163700                    /usr/lib/jvm/java-11-openjdk-amd64/lib/libjava.so
7feb55b18000-7feb55b19000 rw-p 00000000 00:00 0 
7feb55b19000-7feb55b27000 r--p 00000000 08:08 6031465                    /usr/lib/x86_64-linux-gnu/libm.so.6
7feb55b27000-7feb55ba3000 r-xp 0000e000 08:08 6031465                    /usr/lib/x86_64-linux-gnu/libm.so.6
7feb55ba3000-7feb55bfe000 r--p 0008a000 08:08 6031465                    /usr/lib/x86_64-linux-gnu/libm.so.6
7feb55bfe000-7feb55bff000 r--p 000e4000 08:08 6031465                    /usr/lib/x86_64-linux-gnu/libm.so.6
7feb55bff000-7feb55c00000 rw-p 000e5000 08:08 6031465                    /usr/lib/x86_64-linux-gnu/libm.so.6
7feb55c00000-7feb55c28000 r--p 00000000 08:08 6031457                    /usr/lib/x86_64-linux-gnu/libc.so.6
7feb55c28000-7feb55dbd000 r-xp 00028000 08:08 6031457                    /usr/lib/x86_64-linux-gnu/libc.so.6
7feb55dbd000-7feb55e15000 r--p 001bd000 08:08 6031457                    /usr/lib/x86_64-linux-gnu/libc.so.6
7feb55e15000-7feb55e19000 r--p 00214000 08:08 6031457                    /usr/lib/x86_64-linux-gnu/libc.so.6
7feb55e19000-7feb55e1b000 rw-p 00218000 08:08 6031457                    /usr/lib/x86_64-linux-gnu/libc.so.6
7feb55e1b000-7feb55e28000 rw-p 00000000 00:00 0 
7feb55e2b000-7feb55e30000 rw-p 00000000 00:00 0 
7feb55e30000-7feb55e39000 ---p 00000000 00:00 0 
7feb55e39000-7feb55e3b000 r--p 00000000 08:08 6163720                    /usr/lib/jvm/java-11-openjdk-amd64/lib/libzip.so
7feb55e3b000-7feb55e40000 r-xp 00002000 08:08 6163720                    /usr/lib/jvm/java-11-openjdk-amd64/lib/libzip.so
7feb55e40000-7feb55e42000 r--p 00007000 08:08 6163720                    /usr/lib/jvm/java-11-openjdk-amd64/lib/libzip.so
7feb55e42000-7feb55e43000 r--p 00008000 08:08 6163720                    /usr/lib/jvm/java-11-openjdk-amd64/lib/libzip.so
7feb55e43000-7feb55e44000 rw-p 00009000 08:08 6163720                    /usr/lib/jvm/java-11-openjdk-amd64/lib/libzip.so
7feb55e44000-7feb55e4c000 rw-s 00000000 08:08 5505113                    /tmp/hsperfdata_sunbeam/8208
7feb55e4c000-7feb55e51000 r--p 00000000 08:08 6163719                    /usr/lib/jvm/java-11-openjdk-amd64/lib/libverify.so
7feb55e51000-7feb55e58000 r-xp 00005000 08:08 6163719                    /usr/lib/jvm/java-11-openjdk-amd64/lib/libverify.so
7feb55e58000-7feb55e5a000 r--p 0000c000 08:08 6163719                    /usr/lib/jvm/java-11-openjdk-amd64/lib/libverify.so
7feb55e5a000-7feb55e5c000 r--p 0000d000 08:08 6163719                    /usr/lib/jvm/java-11-openjdk-amd64/lib/libverify.so
7feb55e5c000-7feb55e5d000 rw-p 0000f000 08:08 6163719                    /usr/lib/jvm/java-11-openjdk-amd64/lib/libverify.so
7feb55e5d000-7feb55e5e000 r--p 00000000 08:08 6031497                    /usr/lib/x86_64-linux-gnu/librt.so.1
7feb55e5e000-7feb55e5f000 r-xp 00001000 08:08 6031497                    /usr/lib/x86_64-linux-gnu/librt.so.1
7feb55e5f000-7feb55e60000 r--p 00002000 08:08 6031497                    /usr/lib/x86_64-linux-gnu/librt.so.1
7feb55e60000-7feb55e61000 r--p 00002000 08:08 6031497                    /usr/lib/x86_64-linux-gnu/librt.so.1
7feb55e61000-7feb55e62000 rw-p 00003000 08:08 6031497                    /usr/lib/x86_64-linux-gnu/librt.so.1
7feb55e62000-7feb55e65000 r--p 00000000 08:08 6032151                    /usr/lib/x86_64-linux-gnu/libgcc_s.so.1
7feb55e65000-7feb55e7c000 r-xp 00003000 08:08 6032151                    /usr/lib/x86_64-linux-gnu/libgcc_s.so.1
7feb55e7c000-7feb55e80000 r--p 0001a000 08:08 6032151                    /usr/lib/x86_64-linux-gnu/libgcc_s.so.1
7feb55e80000-7feb55e81000 r--p 0001d000 08:08 6032151                    /usr/lib/x86_64-linux-gnu/libgcc_s.so.1
7feb55e81000-7feb55e82000 rw-p 0001e000 08:08 6032151                    /usr/lib/x86_64-linux-gnu/libgcc_s.so.1
7feb55e82000-7feb55e84000 rw-p 00000000 00:00 0 
7feb55e84000-7feb55e86000 r--p 00000000 08:08 6036232                    /usr/lib/x86_64-linux-gnu/libz.so.1.2.11
7feb55e86000-7feb55e97000 r-xp 00002000 08:08 6036232                    /usr/lib/x86_64-linux-gnu/libz.so.1.2.11
7feb55e97000-7feb55e9d000 r--p 00013000 08:08 6036232                    /usr/lib/x86_64-linux-gnu/libz.so.1.2.11
7feb55e9d000-7feb55e9e000 ---p 00019000 08:08 6036232                    /usr/lib/x86_64-linux-gnu/libz.so.1.2.11
7feb55e9e000-7feb55e9f000 r--p 00019000 08:08 6036232                    /usr/lib/x86_64-linux-gnu/libz.so.1.2.11
7feb55e9f000-7feb55ea0000 rw-p 0001a000 08:08 6036232                    /usr/lib/x86_64-linux-gnu/libz.so.1.2.11
7feb55ea4000-7feb55ea5000 ---p 00000000 00:00 0 
7feb55ea5000-7feb55ea6000 r--p 00000000 00:00 0 
7feb55ea6000-7feb55ea8000 r--p 00000000 08:08 6163703                    /usr/lib/jvm/java-11-openjdk-amd64/lib/libjimage.so
7feb55ea8000-7feb55eab000 r-xp 00002000 08:08 6163703                    /usr/lib/jvm/java-11-openjdk-amd64/lib/libjimage.so
7feb55eab000-7feb55eac000 r--p 00005000 08:08 6163703                    /usr/lib/jvm/java-11-openjdk-amd64/lib/libjimage.so
7feb55eac000-7feb55ead000 ---p 00006000 08:08 6163703                    /usr/lib/jvm/java-11-openjdk-amd64/lib/libjimage.so
7feb55ead000-7feb55eae000 r--p 00006000 08:08 6163703                    /usr/lib/jvm/java-11-openjdk-amd64/lib/libjimage.so
7feb55eae000-7feb55eaf000 rw-p 00007000 08:08 6163703                    /usr/lib/jvm/java-11-openjdk-amd64/lib/libjimage.so
7feb55eaf000-7feb55eb2000 r--p 00000000 08:08 6163681                    /usr/lib/jvm/java-11-openjdk-amd64/lib/jli/libjli.so
7feb55eb2000-7feb55ebc000 r-xp 00003000 08:08 6163681                    /usr/lib/jvm/java-11-openjdk-amd64/lib/jli/libjli.so
7feb55ebc000-7feb55ebf000 r--p 0000d000 08:08 6163681                    /usr/lib/jvm/java-11-openjdk-amd64/lib/jli/libjli.so
7feb55ebf000-7feb55ec0000 ---p 00010000 08:08 6163681                    /usr/lib/jvm/java-11-openjdk-amd64/lib/jli/libjli.so
7feb55ec0000-7feb55ec1000 r--p 00010000 08:08 6163681                    /usr/lib/jvm/java-11-openjdk-amd64/lib/jli/libjli.so
7feb55ec1000-7feb55ec2000 rw-p 00011000 08:08 6163681                    /usr/lib/jvm/java-11-openjdk-amd64/lib/jli/libjli.so
7feb55ec2000-7feb55ec4000 rw-p 00000000 00:00 0 
7feb55ec4000-7feb55ec6000 r--p 00000000 08:08 6031449                    /usr/lib/x86_64-linux-gnu/ld-linux-x86-64.so.2
7feb55ec6000-7feb55ef0000 r-xp 00002000 08:08 6031449                    /usr/lib/x86_64-linux-gnu/ld-linux-x86-64.so.2
7feb55ef0000-7feb55efb000 r--p 0002c000 08:08 6031449                    /usr/lib/x86_64-linux-gnu/ld-linux-x86-64.so.2
7feb55efc000-7feb55efe000 r--p 00037000 08:08 6031449                    /usr/lib/x86_64-linux-gnu/ld-linux-x86-64.so.2
7feb55efe000-7feb55f00000 rw-p 00039000 08:08 6031449                    /usr/lib/x86_64-linux-gnu/ld-linux-x86-64.so.2
7fff15438000-7fff1545b000 rw-p 00000000 00:00 0                          [stack]
7fff15585000-7fff15589000 r--p 00000000 00:00 0                          [vvar]
7fff15589000-7fff1558b000 r-xp 00000000 00:00 0                          [vdso]
ffffffffff600000-ffffffffff601000 --xp 00000000 00:00 0                  [vsyscall]


VM Arguments:
jvm_args: -Dcom.sun.management.jmxremote -Dcom.sun.management.jmxremote.port=39885 -Dcom.sun.management.jmxremote.authenticate=false -Dcom.sun.management.jmxremote.ssl=false -Djava.rmi.server.hostname=localhost -Dspring.jmx.enabled=true -Dspring.liveBeansView.mbeanDomain -Dspring.application.admin.enabled=true -Djava.security.egd=file:/dev/./urandom -XX:TieredStopAtLevel=1 -Dspring.boot.project.name=spring_refer1 -Dfile.encoding=UTF-8 
java_command: com.app.Application --spring.output.ansi.enabled=always
java_class_path (initial): /home/sunbeam/project/workspace/Project/ProjectF11/target/classes:/home/sunbeam/.m2/repository/org/springframework/boot/spring-boot-starter-data-jpa/2.7.13/spring-boot-starter-data-jpa-2.7.13.jar:/home/sunbeam/.m2/repository/org/springframework/boot/spring-boot-starter-aop/2.7.13/spring-boot-starter-aop-2.7.13.jar:/home/sunbeam/.m2/repository/org/springframework/spring-aop/5.3.28/spring-aop-5.3.28.jar:/home/sunbeam/.m2/repository/org/aspectj/aspectjweaver/1.9.7/aspectjweaver-1.9.7.jar:/home/sunbeam/.m2/repository/org/springframework/boot/spring-boot-starter-jdbc/2.7.13/spring-boot-starter-jdbc-2.7.13.jar:/home/sunbeam/.m2/repository/com/zaxxer/HikariCP/4.0.3/HikariCP-4.0.3.jar:/home/sunbeam/.m2/repository/org/springframework/spring-jdbc/5.3.28/spring-jdbc-5.3.28.jar:/home/sunbeam/.m2/repository/jakarta/transaction/jakarta.transaction-api/1.3.3/jakarta.transaction-api-1.3.3.jar:/home/sunbeam/.m2/repository/jakarta/persistence/jakarta.persistence-api/2.2.3/jakarta.persistence-api-2.2.3.jar:/home/sunbeam/.m2/repository/org/hibernate/hibernate-core/5.6.15.Final/hibernate-core-5.6.15.Final.jar:/home/sunbeam/.m2/repository/org/jboss/logging/jboss-logging/3.4.3.Final/jboss-logging-3.4.3.Final.jar:/home/sunbeam/.m2/repository/net/bytebuddy/byte-buddy/1.12.23/byte-buddy-1.12.23.jar:/home/sunbeam/.m2/repository/antlr/antlr/2.7.7/antlr-2.7.7.jar:/home/sunbeam/.m2/repository/org/jboss/jandex/2.4.2.Final/jandex-2.4.2.Final.jar:/home/sunbeam/.m2/repository/com/fasterxml/classmate/1.5.1/classmate-1.5.1.jar:/home/sunbeam/.m2/repository/org/hibernate/common/hibernate-commons-annotations/5.1.2.Final/hibernate-commons-annotations-5.1.2.Final.jar:/home/sunbeam/.m2/repository/org/glassfish/jaxb/jaxb-runtime/2.3.8/jaxb-runtime-2.3.8.jar:/home/sunbeam/.m2/repository/org/glassfish/jaxb/txw2/2.3.8/txw2-2.3.8.jar:/home/sunbeam/.m2/repository/com/sun/istack/istack-commons-runtime/3.0.12/istack-commons-runtime-3.0.12.jar:/home/sunbeam/.m2/repository/com/sun/activat
Launcher Type: SUN_STANDARD

[Global flags]
     intx CICompilerCount                          = 3                                         {product} {ergonomic}
     uint ConcGCThreads                            = 1                                         {product} {ergonomic}
     uint G1ConcRefinementThreads                  = 4                                         {product} {ergonomic}
   size_t G1HeapRegionSize                         = 1048576                                   {product} {ergonomic}
    uintx GCDrainStackTargetSize                   = 64                                        {product} {ergonomic}
   size_t InitialHeapSize                          = 130023424                                 {product} {ergonomic}
     bool ManagementServer                         = true                                      {product} {command line}
   size_t MarkStackSize                            = 4194304                                   {product} {ergonomic}
   size_t MaxHeapSize                              = 2063597568                                {product} {ergonomic}
   size_t MaxNewSize                               = 1237319680                                {product} {ergonomic}
   size_t MinHeapDeltaBytes                        = 1048576                                   {product} {ergonomic}
    uintx NonNMethodCodeHeapSize                   = 6973028                                {pd product} {ergonomic}
    uintx NonProfiledCodeHeapSize                  = 244685212                              {pd product} {ergonomic}
    uintx ProfiledCodeHeapSize                     = 0                                      {pd product} {ergonomic}
    uintx ReservedCodeCacheSize                    = 251658240                              {pd product} {ergonomic}
     bool SegmentedCodeCache                       = true                                      {product} {ergonomic}
     intx TieredStopAtLevel                        = 1                                         {product} {command line}
     bool UseCompressedClassPointers               = true                                 {lp64_product} {ergonomic}
     bool UseCompressedOops                        = true                                 {lp64_product} {ergonomic}
     bool UseG1GC                                  = true                                      {product} {ergonomic}

Logging:
Log output configuration:
 #0: stdout all=warning uptime,level,tags
 #1: stderr all=off uptime,level,tags

Environment Variables:
PATH=/usr/local/sbin:/usr/local/bin:/usr/sbin:/usr/bin:/sbin:/bin:/usr/games:/usr/local/games:/snap/bin:/snap/bin
USERNAME=sunbeam
SHELL=/bin/bash
DISPLAY=:0
LANG=en_IN

Signal Handlers:
SIGSEGV: [libjvm.so+0xeabd80], sa_mask[0]=11111111011111111101111111111110, sa_flags=SA_RESTART|SA_SIGINFO
SIGBUS: [libjvm.so+0xeabd80], sa_mask[0]=11111111011111111101111111111110, sa_flags=SA_RESTART|SA_SIGINFO
SIGFPE: [libjvm.so+0xeabd80], sa_mask[0]=11111111011111111101111111111110, sa_flags=SA_RESTART|SA_SIGINFO
SIGPIPE: [libjvm.so+0xbee610], sa_mask[0]=11111111011111111101111111111110, sa_flags=SA_RESTART|SA_SIGINFO
SIGXFSZ: [libjvm.so+0xbee610], sa_mask[0]=11111111011111111101111111111110, sa_flags=SA_RESTART|SA_SIGINFO
SIGILL: [libjvm.so+0xeabd80], sa_mask[0]=11111111011111111101111111111110, sa_flags=SA_RESTART|SA_SIGINFO
SIGUSR2: [libjvm.so+0xbee4b0], sa_mask[0]=00100000000000000000000000000000, sa_flags=SA_RESTART|SA_SIGINFO
SIGHUP: [libjvm.so+0xbeec50], sa_mask[0]=11111111011111111101111111111110, sa_flags=SA_RESTART|SA_SIGINFO
SIGINT: [libjvm.so+0xbeec50], sa_mask[0]=11111111011111111101111111111110, sa_flags=SA_RESTART|SA_SIGINFO
SIGTERM: [libjvm.so+0xbeec50], sa_mask[0]=11111111011111111101111111111110, sa_flags=SA_RESTART|SA_SIGINFO
SIGQUIT: [libjvm.so+0xbeec50], sa_mask[0]=11111111011111111101111111111110, sa_flags=SA_RESTART|SA_SIGINFO


---------------  S Y S T E M  ---------------

OS:DISTRIB_ID=Ubuntu
DISTRIB_RELEASE=22.04
DISTRIB_CODENAME=jammy
DISTRIB_DESCRIPTION="Ubuntu 22.04 LTS"
uname:Linux 5.19.0-46-generic #47~22.04.1-Ubuntu SMP PREEMPT_DYNAMIC Wed Jun 21 15:35:31 UTC 2 x86_64
OS uptime: 0 days 3:39 hours
libc:glibc 2.35 NPTL 2.35 
rlimit (soft/hard): STACK 8192k/infinity , CORE 0k/infinity , NPROC 31158/31158 , NOFILE 1048576/1048576 , AS infinity/infinity , CPU infinity/infinity , DATA infinity/infinity , FSIZE infinity/infinity , MEMLOCK 1007024k/1007024k
load average:3.13 2.50 1.51

/proc/meminfo:
MemTotal:        8056196 kB
MemFree:          794944 kB
MemAvailable:    1613380 kB
Buffers:           40704 kB
Cached:          1360400 kB
SwapCached:        80600 kB
Active:          1648916 kB
Inactive:        4876216 kB
Active(anon):     960112 kB
Inactive(anon):  4597232 kB
Active(file):     688804 kB
Inactive(file):   278984 kB
Unevictable:      162864 kB
Mlocked:              16 kB
SwapTotal:       1998844 kB
SwapFree:          68716 kB
Zswap:                 0 kB
Zswapped:              0 kB
Dirty:              4200 kB
Writeback:             0 kB
AnonPages:       5207428 kB
Mapped:           393376 kB
Shmem:            433308 kB
KReclaimable:     154948 kB
Slab:             333816 kB
SReclaimable:     154948 kB
SUnreclaim:       178868 kB
KernelStack:       20740 kB
PageTables:        56632 kB
NFS_Unstable:          0 kB
Bounce:                0 kB
WritebackTmp:          0 kB
CommitLimit:     6026940 kB
Committed_AS:   14531888 kB
VmallocTotal:   34359738367 kB
VmallocUsed:       82408 kB
VmallocChunk:          0 kB
Percpu:             4544 kB
HardwareCorrupted:     0 kB
AnonHugePages:         0 kB
ShmemHugePages:        0 kB
ShmemPmdMapped:        0 kB
FileHugePages:         0 kB
FilePmdMapped:         0 kB
HugePages_Total:       0
HugePages_Free:        0
HugePages_Rsvd:        0
HugePages_Surp:        0
Hugepagesize:       2048 kB
Hugetlb:               0 kB
DirectMap4k:      324544 kB
DirectMap2M:     6944768 kB
DirectMap1G:     1048576 kB

/sys/kernel/mm/transparent_hugepage/enabled:
always [madvise] never
/sys/kernel/mm/transparent_hugepage/defrag (defrag/compaction efforts parameter):
always defer defer+madvise [madvise] never

Process Memory:
Virtual Size: 5768148K (peak: 13440184K)
Resident Set Size: 276164K (peak: 355384K) (anon: 263104K, file: 13060K, shmem: 0K)
Swapped out: 288K
C-Heap outstanding allocations: 59539K, retained: 18968K
glibc malloc tunables: (default)

/proc/sys/kernel/threads-max (system-wide limit on the number of threads):
62317
/proc/sys/vm/max_map_count (maximum number of memory map areas a process may have):
65530
/proc/sys/kernel/pid_max (system-wide limit on number of process identifiers):
4194304

container (cgroup) information:
container_type: cgroupv2
cpu_cpuset_cpus: not supported
cpu_memory_nodes: not supported
active_processor_count: 4
cpu_quota: not supported
cpu_period: not supported
cpu_shares: not supported
memory_limit_in_bytes: unlimited
memory_and_swap_limit_in_bytes: unlimited
memory_soft_limit_in_bytes: unlimited
memory_usage_in_bytes: 1566452 k
memory_max_usage_in_bytes: not supported
memory_swap_current_in_bytes: 22092 k
memory_swap_max_limit_in_bytes: unlimited
maximum number of tasks: 9347
current number of tasks: 144

Steal ticks since vm start: 0
Steal ticks percentage since vm start:  0.000

CPU:total 4 (initial active 4) (2 cores per cpu, 2 threads per core) family 6 model 61 stepping 4 microcode 0x2f, cmov, cx8, fxsr, mmx, sse, sse2, sse3, ssse3, sse4.1, sse4.2, popcnt, avx, avx2, aes, clmul, erms, 3dnowpref, lzcnt, ht, tsc, tscinvbit, bmi1, bmi2, adx, fma
CPU Model and flags from /proc/cpuinfo:
model name	: Intel(R) Core(TM) i5-5200U CPU @ 2.20GHz
flags		: fpu vme de pse tsc msr pae mce cx8 apic sep mtrr pge mca cmov pat pse36 clflush dts acpi mmx fxsr sse sse2 ss ht tm pbe syscall nx pdpe1gb rdtscp lm constant_tsc arch_perfmon pebs bts rep_good nopl xtopology nonstop_tsc cpuid aperfmperf pni pclmulqdq dtes64 monitor ds_cpl vmx est tm2 ssse3 sdbg fma cx16 xtpr pdcm pcid sse4_1 sse4_2 x2apic movbe popcnt tsc_deadline_timer aes xsave avx f16c rdrand lahf_lm abm 3dnowprefetch cpuid_fault epb invpcid_single pti ssbd ibrs ibpb stibp tpr_shadow vnmi flexpriority ept vpid ept_ad fsgsbase tsc_adjust bmi1 avx2 smep bmi2 erms invpcid rdseed adx smap intel_pt xsaveopt dtherm ida arat pln pts md_clear flush_l1d
Online cpus:
0-3
Offline cpus:

BIOS frequency limitation:
<Not Available>
Frequency switch latency (ns):
20000
Available cpu frequencies:
<Not Available>
Current governor:
schedutil
Core performance/turbo boost:
<Not Available>

Memory: 4k page, physical 8056196k(794944k free), swap 1998844k(68716k free)

vm_info: OpenJDK 64-Bit Server VM (11.0.19+7-post-Ubuntu-0ubuntu122.04.1) for linux-amd64 JRE (11.0.19+7-post-Ubuntu-0ubuntu122.04.1), built on May 10 2023 00:54:00 by "unknown" with gcc 11.3.0

END.
